[ 2018-06-11T09:01:48+08:00 ] ::1 /qpht.php/gamemanage/gameProData
INFO: [ app_init ] --START--
INFO: Run Behavior\BuildLiteBehavior [ RunTime:0.000000s ]
INFO: [ app_init ] --END-- [ RunTime:0.000000s ]
INFO: [ app_begin ] --START--
INFO: Run Behavior\ReadHtmlCacheBehavior [ RunTime:0.000000s ]
INFO: [ app_begin ] --END-- [ RunTime:0.001000s ]
SQL: SHOW COLUMNS FROM `qp_role` [ RunTime:0.0040s ]
SQL: SELECT `jurisdiction` FROM `qp_role` WHERE `id` = 4 LIMIT 1   [ RunTime:0.0010s ]
SQL: SHOW COLUMNS FROM `qp_module` [ RunTime:0.0040s ]
SQL: SHOW COLUMNS FROM `qp_menu` [ RunTime:0.0030s ]
SQL: SELECT `id` FROM `qp_menu` WHERE `menurl` = '/gamemanage/gameprodata' LIMIT 1   [ RunTime:0.0010s ]
SQL: SELECT * FROM `qp_module` ORDER BY sortnum LIMIT 10   [ RunTime:0.0010s ]
SQL: SELECT * FROM `qp_menu` LIMIT 50   [ RunTime:0.0000s ]
SQL: SHOW COLUMNS FROM `qp_gameinfo` [ RunTime:0.0040s ]
SQL: SELECT * FROM `qp_gameinfo` WHERE ( state=1 )  [ RunTime:0.0010s ]
NOTIC: [8] Undefined index: beftime C:\wamp\www\Application\qpht\Controller\GamemanageController.class.php 第 295 行.
NOTIC: [8] Undefined index: endtime C:\wamp\www\Application\qpht\Controller\GamemanageController.class.php 第 296 行.
NOTIC: [8] Undefined index: endtime C:\wamp\www\Application\qpht\Controller\GamemanageController.class.php 第 299 行.
SQL: SELECT * FROM `qp_gameinfo` WHERE ( id=1 )  [ RunTime:0.0000s ]
SQL: SHOW COLUMNS FROM `tbl_playerinfo` [ RunTime:0.0020s ]
SQL: SELECT `create_time`,count('userid') FROM `tbl_playerinfo` WHERE `create_time` BETWEEN '2018-06-04' AND '2018-06-11' GROUP BY DATE_FORMAT(create_time,'%Y-%m-%d')  [ RunTime:0.0070s ]
SQL: SELECT `userid` FROM `tbl_playerinfo` WHERE DATE_FORMAT(create_time,'%Y-%m-%d') = '2018-06-10'  [ RunTime:0.0070s ]
SQL: SELECT `userid` FROM `tbl_playerinfo` WHERE DATE_FORMAT(create_time,'%Y-%m-%d') = '2018-06-09'  [ RunTime:0.0070s ]
SQL: SELECT `userid` FROM `tbl_playerinfo` WHERE DATE_FORMAT(create_time,'%Y-%m-%d') = '2018-06-08'  [ RunTime:0.0090s ]
SQL: SELECT `userid` FROM `tbl_playerinfo` WHERE DATE_FORMAT(create_time,'%Y-%m-%d') = '2018-06-07'  [ RunTime:0.0080s ]
SQL: SELECT `userid` FROM `tbl_playerinfo` WHERE DATE_FORMAT(create_time,'%Y-%m-%d') = '2018-06-06'  [ RunTime:0.0090s ]
SQL: SELECT `userid` FROM `tbl_playerinfo` WHERE DATE_FORMAT(create_time,'%Y-%m-%d') = '2018-06-05'  [ RunTime:0.0070s ]
SQL: SELECT `userid` FROM `tbl_playerinfo` WHERE DATE_FORMAT(create_time,'%Y-%m-%d') = '2018-06-04'  [ RunTime:0.0080s ]
SQL: SHOW COLUMNS FROM `table_game_change_gold` [ RunTime:0.0300s ]
SQL: SELECT DISTINCT user_id FROM `table_game_change_gold` WHERE DATE_FORMAT(change_time,'%Y-%m-%d') = '2018-06-10'  [ RunTime:0.0090s ]
SQL: SELECT DISTINCT user_id FROM `table_game_change_gold` WHERE DATE_FORMAT(change_time,'%Y-%m-%d') = '2018-06-09'  [ RunTime:0.0090s ]
SQL: SELECT DISTINCT user_id FROM `table_game_change_gold` WHERE DATE_FORMAT(change_time,'%Y-%m-%d') = '2018-06-08'  [ RunTime:0.0100s ]
SQL: SELECT DISTINCT user_id FROM `table_game_change_gold` WHERE DATE_FORMAT(change_time,'%Y-%m-%d') = '2018-06-07'  [ RunTime:0.0080s ]
SQL: SELECT DISTINCT user_id FROM `table_game_change_gold` WHERE DATE_FORMAT(change_time,'%Y-%m-%d') = '2018-06-06'  [ RunTime:0.0080s ]
SQL: SELECT DISTINCT user_id FROM `table_game_change_gold` WHERE DATE_FORMAT(change_time,'%Y-%m-%d') = '2018-06-05'  [ RunTime:0.0080s ]
SQL: SELECT DISTINCT user_id FROM `table_game_change_gold` WHERE DATE_FORMAT(change_time,'%Y-%m-%d') = '2018-06-04'  [ RunTime:0.0080s ]
NOTIC: [8] Undefined index: 2018-06-03 C:\wamp\www\Application\qpht\Model\Game_change_goldModel.class.php 第 35 行.
NOTIC: [2] Invalid argument supplied for foreach() C:\wamp\www\Application\qpht\Model\Game_change_goldModel.class.php 第 37 行.
SQL: SELECT count(DISTINCT user_id) FROM `table_game_change_gold` WHERE DATE_FORMAT(change_time,'%Y-%m-%d') = '2018-06-10' AND `user_id` > 1000  [ RunTime:0.0070s ]
SQL: SELECT count(DISTINCT user_id) FROM `table_game_change_gold` WHERE DATE_FORMAT(change_time,'%Y-%m-%d') = '2018-06-09' AND `user_id` > 1000  [ RunTime:0.0070s ]
SQL: SELECT count(DISTINCT user_id) FROM `table_game_change_gold` WHERE DATE_FORMAT(change_time,'%Y-%m-%d') = '2018-06-08' AND `user_id` > 1000  [ RunTime:0.0070s ]
SQL: SELECT count(DISTINCT user_id) FROM `table_game_change_gold` WHERE DATE_FORMAT(change_time,'%Y-%m-%d') = '2018-06-07' AND `user_id` > 1000  [ RunTime:0.0070s ]
SQL: SELECT count(DISTINCT user_id) FROM `table_game_change_gold` WHERE DATE_FORMAT(change_time,'%Y-%m-%d') = '2018-06-06' AND `user_id` > 1000  [ RunTime:0.0070s ]
SQL: SELECT count(DISTINCT user_id) FROM `table_game_change_gold` WHERE DATE_FORMAT(change_time,'%Y-%m-%d') = '2018-06-05' AND `user_id` > 1000  [ RunTime:0.0070s ]
SQL: SELECT count(DISTINCT user_id) FROM `table_game_change_gold` WHERE DATE_FORMAT(change_time,'%Y-%m-%d') = '2018-06-04' AND `user_id` > 1000  [ RunTime:0.0070s ]
SQL: select DATE_FORMAT(change_time,'%Y-%m-%d') days,count(user_id),count(DISTINCT user_id) from table_game_change_gold where user_id>1000 and DATE_FORMAT(change_time,'%Y-%m-%d') ='2018-06-10' [ RunTime:0.0050s ]
SQL: select DATE_FORMAT(change_time,'%Y-%m-%d') days,count(user_id),count(DISTINCT user_id) from table_game_change_gold where user_id>1000 and DATE_FORMAT(change_time,'%Y-%m-%d') ='2018-06-09' [ RunTime:0.0050s ]
SQL: select DATE_FORMAT(change_time,'%Y-%m-%d') days,count(user_id),count(DISTINCT user_id) from table_game_change_gold where user_id>1000 and DATE_FORMAT(change_time,'%Y-%m-%d') ='2018-06-08' [ RunTime:0.0050s ]
SQL: select DATE_FORMAT(change_time,'%Y-%m-%d') days,count(user_id),count(DISTINCT user_id) from table_game_change_gold where user_id>1000 and DATE_FORMAT(change_time,'%Y-%m-%d') ='2018-06-07' [ RunTime:0.0050s ]
SQL: select DATE_FORMAT(change_time,'%Y-%m-%d') days,count(user_id),count(DISTINCT user_id) from table_game_change_gold where user_id>1000 and DATE_FORMAT(change_time,'%Y-%m-%d') ='2018-06-06' [ RunTime:0.0060s ]
SQL: select DATE_FORMAT(change_time,'%Y-%m-%d') days,count(user_id),count(DISTINCT user_id) from table_game_change_gold where user_id>1000 and DATE_FORMAT(change_time,'%Y-%m-%d') ='2018-06-05' [ RunTime:0.0050s ]
SQL: select DATE_FORMAT(change_time,'%Y-%m-%d') days,count(user_id),count(DISTINCT user_id) from table_game_change_gold where user_id>1000 and DATE_FORMAT(change_time,'%Y-%m-%d') ='2018-06-04' [ RunTime:0.0050s ]
INFO: [ view_parse ] --START--
INFO: [ template_filter ] --START--
INFO: Run Behavior\ContentReplaceBehavior [ RunTime:0.001000s ]
INFO: [ template_filter ] --END-- [ RunTime:0.001000s ]
NOTIC: [8] Undefined variable: actions C:\wamp\www\Runtime\Cache\qpht\4c2f7fe3af05c91ccaee151a8c116f63.php 第 115 行.
INFO: Run Behavior\ParseTemplateBehavior [ RunTime:0.017000s ]
INFO: [ view_parse ] --END-- [ RunTime:0.017000s ]
INFO: [ view_filter ] --START--
INFO: Run Behavior\WriteHtmlCacheBehavior [ RunTime:0.001000s ]
INFO: [ view_filter ] --END-- [ RunTime:0.001000s ]
INFO: [ app_end ] --START--
INFO: Run Behavior\ShowPageTraceBehavior [ RunTime:0.001000s ]
INFO: [ app_end ] --END-- [ RunTime:0.001000s ]

[ 2018-06-11T09:01:48+08:00 ] ::1 /qpht.php/gamemanage/seachdata5
INFO: [ app_init ] --START--
INFO: Run Behavior\BuildLiteBehavior [ RunTime:0.000000s ]
INFO: [ app_init ] --END-- [ RunTime:0.000000s ]
INFO: [ app_begin ] --START--
INFO: Run Behavior\ReadHtmlCacheBehavior [ RunTime:0.001000s ]
INFO: [ app_begin ] --END-- [ RunTime:0.001000s ]
SQL: SHOW COLUMNS FROM `qp_gameinfo` [ RunTime:0.0050s ]
SQL: SELECT * FROM `qp_gameinfo` WHERE ( id=1 )  [ RunTime:0.0000s ]
SQL: SHOW COLUMNS FROM `tbl_playerinfo` [ RunTime:0.0110s ]
SQL: SELECT `create_time`,count('userid') FROM `tbl_playerinfo` WHERE `create_time` BETWEEN '2018-6-04' AND '2018-6-11' GROUP BY DATE_FORMAT(create_time,'%Y-%m-%d')  [ RunTime:0.0070s ]
SQL: SELECT `userid` FROM `tbl_playerinfo` WHERE DATE_FORMAT(create_time,'%Y-%m-%d') = '2018-06-10'  [ RunTime:0.0070s ]
SQL: SELECT `userid` FROM `tbl_playerinfo` WHERE DATE_FORMAT(create_time,'%Y-%m-%d') = '2018-06-09'  [ RunTime:0.0070s ]
SQL: SELECT `userid` FROM `tbl_playerinfo` WHERE DATE_FORMAT(create_time,'%Y-%m-%d') = '2018-06-08'  [ RunTime:0.0080s ]
SQL: SELECT `userid` FROM `tbl_playerinfo` WHERE DATE_FORMAT(create_time,'%Y-%m-%d') = '2018-06-07'  [ RunTime:0.0080s ]
SQL: SELECT `userid` FROM `tbl_playerinfo` WHERE DATE_FORMAT(create_time,'%Y-%m-%d') = '2018-06-06'  [ RunTime:0.0070s ]
SQL: SELECT `userid` FROM `tbl_playerinfo` WHERE DATE_FORMAT(create_time,'%Y-%m-%d') = '2018-06-05'  [ RunTime:0.0080s ]
SQL: SELECT `userid` FROM `tbl_playerinfo` WHERE DATE_FORMAT(create_time,'%Y-%m-%d') = '2018-06-04'  [ RunTime:0.0080s ]
SQL: SHOW COLUMNS FROM `table_game_change_gold` [ RunTime:0.0100s ]
SQL: SELECT DISTINCT user_id FROM `table_game_change_gold` WHERE DATE_FORMAT(change_time,'%Y-%m-%d') = '2018-06-10'  [ RunTime:0.0060s ]
SQL: SELECT DISTINCT user_id FROM `table_game_change_gold` WHERE DATE_FORMAT(change_time,'%Y-%m-%d') = '2018-06-09'  [ RunTime:0.0060s ]
SQL: SELECT DISTINCT user_id FROM `table_game_change_gold` WHERE DATE_FORMAT(change_time,'%Y-%m-%d') = '2018-06-08'  [ RunTime:0.0070s ]
SQL: SELECT DISTINCT user_id FROM `table_game_change_gold` WHERE DATE_FORMAT(change_time,'%Y-%m-%d') = '2018-06-07'  [ RunTime:0.0080s ]
SQL: SELECT DISTINCT user_id FROM `table_game_change_gold` WHERE DATE_FORMAT(change_time,'%Y-%m-%d') = '2018-06-06'  [ RunTime:0.0070s ]
SQL: SELECT DISTINCT user_id FROM `table_game_change_gold` WHERE DATE_FORMAT(change_time,'%Y-%m-%d') = '2018-06-05'  [ RunTime:0.0060s ]
SQL: SELECT DISTINCT user_id FROM `table_game_change_gold` WHERE DATE_FORMAT(change_time,'%Y-%m-%d') = '2018-06-04'  [ RunTime:0.0060s ]
NOTIC: [8] Undefined index: 2018-06-03 C:\wamp\www\Application\qpht\Model\Game_change_goldModel.class.php 第 35 行.
NOTIC: [2] Invalid argument supplied for foreach() C:\wamp\www\Application\qpht\Model\Game_change_goldModel.class.php 第 37 行.

[ 2018-06-11T09:36:46+08:00 ] ::1 /qpht.php/gamemanage/gameProData
INFO: [ app_init ] --START--
INFO: Run Behavior\BuildLiteBehavior [ RunTime:0.000000s ]
INFO: [ app_init ] --END-- [ RunTime:0.000000s ]
INFO: [ app_begin ] --START--
INFO: Run Behavior\ReadHtmlCacheBehavior [ RunTime:0.001000s ]
INFO: [ app_begin ] --END-- [ RunTime:0.001000s ]
SQL: SHOW COLUMNS FROM `qp_role` [ RunTime:0.0030s ]
SQL: SELECT `jurisdiction` FROM `qp_role` WHERE `id` = 4 LIMIT 1   [ RunTime:0.0000s ]
SQL: SHOW COLUMNS FROM `qp_module` [ RunTime:0.0030s ]
SQL: SHOW COLUMNS FROM `qp_menu` [ RunTime:0.0030s ]
SQL: SELECT `id` FROM `qp_menu` WHERE `menurl` = '/gamemanage/gameprodata' LIMIT 1   [ RunTime:0.0010s ]
SQL: SELECT * FROM `qp_module` ORDER BY sortnum LIMIT 10   [ RunTime:0.0010s ]
SQL: SELECT * FROM `qp_menu` LIMIT 50   [ RunTime:0.0000s ]
SQL: SHOW COLUMNS FROM `qp_gameinfo` [ RunTime:0.0020s ]
SQL: SELECT * FROM `qp_gameinfo` WHERE ( state=1 )  [ RunTime:0.0000s ]
NOTIC: [8] Undefined index: beftime C:\wamp\www\Application\qpht\Controller\GamemanageController.class.php 第 295 行.
NOTIC: [8] Undefined index: endtime C:\wamp\www\Application\qpht\Controller\GamemanageController.class.php 第 296 行.
NOTIC: [8] Undefined index: endtime C:\wamp\www\Application\qpht\Controller\GamemanageController.class.php 第 299 行.
SQL: SELECT * FROM `qp_gameinfo` WHERE ( id=1 )  [ RunTime:0.0000s ]
SQL: SHOW COLUMNS FROM `tbl_playerinfo` [ RunTime:0.0020s ]
SQL: SELECT `create_time`,count('userid') FROM `tbl_playerinfo` WHERE `create_time` BETWEEN '2018-06-04' AND '2018-06-11' GROUP BY DATE_FORMAT(create_time,'%Y-%m-%d')  [ RunTime:0.0180s ]
SQL: SELECT `userid` FROM `tbl_playerinfo` WHERE DATE_FORMAT(create_time,'%Y-%m-%d') = '2018-06-10'  [ RunTime:0.0180s ]
SQL: SELECT `userid` FROM `tbl_playerinfo` WHERE DATE_FORMAT(create_time,'%Y-%m-%d') = '2018-06-09'  [ RunTime:0.0160s ]
SQL: SELECT `userid` FROM `tbl_playerinfo` WHERE DATE_FORMAT(create_time,'%Y-%m-%d') = '2018-06-08'  [ RunTime:0.0150s ]
SQL: SELECT `userid` FROM `tbl_playerinfo` WHERE DATE_FORMAT(create_time,'%Y-%m-%d') = '2018-06-07'  [ RunTime:0.0140s ]
SQL: SELECT `userid` FROM `tbl_playerinfo` WHERE DATE_FORMAT(create_time,'%Y-%m-%d') = '2018-06-06'  [ RunTime:0.0090s ]
SQL: SELECT `userid` FROM `tbl_playerinfo` WHERE DATE_FORMAT(create_time,'%Y-%m-%d') = '2018-06-05'  [ RunTime:0.0080s ]
SQL: SELECT `userid` FROM `tbl_playerinfo` WHERE DATE_FORMAT(create_time,'%Y-%m-%d') = '2018-06-04'  [ RunTime:0.0080s ]
SQL: SHOW COLUMNS FROM `table_game_change_gold` [ RunTime:0.0230s ]
SQL: SELECT DISTINCT user_id FROM `table_game_change_gold` WHERE DATE_FORMAT(change_time,'%Y-%m-%d') = '2018-06-10'  [ RunTime:0.0060s ]
SQL: SELECT DISTINCT user_id FROM `table_game_change_gold` WHERE DATE_FORMAT(change_time,'%Y-%m-%d') = '2018-06-09'  [ RunTime:0.0070s ]
SQL: SELECT DISTINCT user_id FROM `table_game_change_gold` WHERE DATE_FORMAT(change_time,'%Y-%m-%d') = '2018-06-08'  [ RunTime:0.0080s ]
SQL: SELECT DISTINCT user_id FROM `table_game_change_gold` WHERE DATE_FORMAT(change_time,'%Y-%m-%d') = '2018-06-07'  [ RunTime:0.0070s ]
SQL: SELECT DISTINCT user_id FROM `table_game_change_gold` WHERE DATE_FORMAT(change_time,'%Y-%m-%d') = '2018-06-06'  [ RunTime:0.0070s ]
SQL: SELECT DISTINCT user_id FROM `table_game_change_gold` WHERE DATE_FORMAT(change_time,'%Y-%m-%d') = '2018-06-05'  [ RunTime:0.0070s ]
SQL: SELECT DISTINCT user_id FROM `table_game_change_gold` WHERE DATE_FORMAT(change_time,'%Y-%m-%d') = '2018-06-04'  [ RunTime:0.0060s ]
NOTIC: [8] Undefined index: 2018-06-03 C:\wamp\www\Application\qpht\Model\Game_change_goldModel.class.php 第 35 行.
NOTIC: [2] Invalid argument supplied for foreach() C:\wamp\www\Application\qpht\Model\Game_change_goldModel.class.php 第 37 行.
SQL: SELECT count(DISTINCT user_id) FROM `table_game_change_gold` WHERE DATE_FORMAT(change_time,'%Y-%m-%d') = '2018-06-10' AND `user_id` > 1000  [ RunTime:0.0060s ]
SQL: SELECT count(DISTINCT user_id) FROM `table_game_change_gold` WHERE DATE_FORMAT(change_time,'%Y-%m-%d') = '2018-06-09' AND `user_id` > 1000  [ RunTime:0.0060s ]
SQL: SELECT count(DISTINCT user_id) FROM `table_game_change_gold` WHERE DATE_FORMAT(change_time,'%Y-%m-%d') = '2018-06-08' AND `user_id` > 1000  [ RunTime:0.0060s ]
SQL: SELECT count(DISTINCT user_id) FROM `table_game_change_gold` WHERE DATE_FORMAT(change_time,'%Y-%m-%d') = '2018-06-07' AND `user_id` > 1000  [ RunTime:0.0060s ]
SQL: SELECT count(DISTINCT user_id) FROM `table_game_change_gold` WHERE DATE_FORMAT(change_time,'%Y-%m-%d') = '2018-06-06' AND `user_id` > 1000  [ RunTime:0.0050s ]
SQL: SELECT count(DISTINCT user_id) FROM `table_game_change_gold` WHERE DATE_FORMAT(change_time,'%Y-%m-%d') = '2018-06-05' AND `user_id` > 1000  [ RunTime:0.0060s ]
SQL: SELECT count(DISTINCT user_id) FROM `table_game_change_gold` WHERE DATE_FORMAT(change_time,'%Y-%m-%d') = '2018-06-04' AND `user_id` > 1000  [ RunTime:0.0060s ]
SQL: select DATE_FORMAT(change_time,'%Y-%m-%d') days,count(user_id),count(DISTINCT user_id) from table_game_change_gold where user_id>1000 and DATE_FORMAT(change_time,'%Y-%m-%d') ='2018-06-10' [ RunTime:0.0050s ]
SQL: select DATE_FORMAT(change_time,'%Y-%m-%d') days,count(user_id),count(DISTINCT user_id) from table_game_change_gold where user_id>1000 and DATE_FORMAT(change_time,'%Y-%m-%d') ='2018-06-09' [ RunTime:0.0060s ]
SQL: select DATE_FORMAT(change_time,'%Y-%m-%d') days,count(user_id),count(DISTINCT user_id) from table_game_change_gold where user_id>1000 and DATE_FORMAT(change_time,'%Y-%m-%d') ='2018-06-08' [ RunTime:0.0050s ]
SQL: select DATE_FORMAT(change_time,'%Y-%m-%d') days,count(user_id),count(DISTINCT user_id) from table_game_change_gold where user_id>1000 and DATE_FORMAT(change_time,'%Y-%m-%d') ='2018-06-07' [ RunTime:0.0050s ]
SQL: select DATE_FORMAT(change_time,'%Y-%m-%d') days,count(user_id),count(DISTINCT user_id) from table_game_change_gold where user_id>1000 and DATE_FORMAT(change_time,'%Y-%m-%d') ='2018-06-06' [ RunTime:0.0050s ]
SQL: select DATE_FORMAT(change_time,'%Y-%m-%d') days,count(user_id),count(DISTINCT user_id) from table_game_change_gold where user_id>1000 and DATE_FORMAT(change_time,'%Y-%m-%d') ='2018-06-05' [ RunTime:0.0060s ]
SQL: select DATE_FORMAT(change_time,'%Y-%m-%d') days,count(user_id),count(DISTINCT user_id) from table_game_change_gold where user_id>1000 and DATE_FORMAT(change_time,'%Y-%m-%d') ='2018-06-04' [ RunTime:0.0050s ]
INFO: [ view_parse ] --START--
INFO: [ template_filter ] --START--
INFO: Run Behavior\ContentReplaceBehavior [ RunTime:0.000000s ]
INFO: [ template_filter ] --END-- [ RunTime:0.001000s ]
NOTIC: [8] Undefined variable: actions C:\wamp\www\Runtime\Cache\qpht\4c2f7fe3af05c91ccaee151a8c116f63.php 第 115 行.
INFO: Run Behavior\ParseTemplateBehavior [ RunTime:0.027000s ]
INFO: [ view_parse ] --END-- [ RunTime:0.027000s ]
INFO: [ view_filter ] --START--
INFO: Run Behavior\WriteHtmlCacheBehavior [ RunTime:0.001000s ]
INFO: [ view_filter ] --END-- [ RunTime:0.001000s ]
INFO: [ app_end ] --START--
INFO: Run Behavior\ShowPageTraceBehavior [ RunTime:0.001000s ]
INFO: [ app_end ] --END-- [ RunTime:0.001000s ]

[ 2018-06-11T09:36:46+08:00 ] ::1 /qpht.php/gamemanage/seachdata5
INFO: [ app_init ] --START--
INFO: Run Behavior\BuildLiteBehavior [ RunTime:0.000000s ]
INFO: [ app_init ] --END-- [ RunTime:0.001000s ]
INFO: [ app_begin ] --START--
INFO: Run Behavior\ReadHtmlCacheBehavior [ RunTime:0.001000s ]
INFO: [ app_begin ] --END-- [ RunTime:0.001000s ]
SQL: SHOW COLUMNS FROM `qp_gameinfo` [ RunTime:0.0030s ]
SQL: SELECT * FROM `qp_gameinfo` WHERE ( id=1 )  [ RunTime:0.0000s ]
SQL: SHOW COLUMNS FROM `tbl_playerinfo` [ RunTime:0.0110s ]
SQL: SELECT `create_time`,count('userid') FROM `tbl_playerinfo` WHERE `create_time` BETWEEN '2018-6-04' AND '2018-6-11' GROUP BY DATE_FORMAT(create_time,'%Y-%m-%d')  [ RunTime:0.0170s ]
SQL: SELECT `userid` FROM `tbl_playerinfo` WHERE DATE_FORMAT(create_time,'%Y-%m-%d') = '2018-06-10'  [ RunTime:0.0160s ]
SQL: SELECT `userid` FROM `tbl_playerinfo` WHERE DATE_FORMAT(create_time,'%Y-%m-%d') = '2018-06-09'  [ RunTime:0.0140s ]
SQL: SELECT `userid` FROM `tbl_playerinfo` WHERE DATE_FORMAT(create_time,'%Y-%m-%d') = '2018-06-08'  [ RunTime:0.0150s ]
SQL: SELECT `userid` FROM `tbl_playerinfo` WHERE DATE_FORMAT(create_time,'%Y-%m-%d') = '2018-06-07'  [ RunTime:0.0120s ]
SQL: SELECT `userid` FROM `tbl_playerinfo` WHERE DATE_FORMAT(create_time,'%Y-%m-%d') = '2018-06-06'  [ RunTime:0.0120s ]
SQL: SELECT `userid` FROM `tbl_playerinfo` WHERE DATE_FORMAT(create_time,'%Y-%m-%d') = '2018-06-05'  [ RunTime:0.0110s ]
SQL: SELECT `userid` FROM `tbl_playerinfo` WHERE DATE_FORMAT(create_time,'%Y-%m-%d') = '2018-06-04'  [ RunTime:0.0080s ]
SQL: SHOW COLUMNS FROM `table_game_change_gold` [ RunTime:0.0090s ]
SQL: SELECT DISTINCT user_id FROM `table_game_change_gold` WHERE DATE_FORMAT(change_time,'%Y-%m-%d') = '2018-06-10'  [ RunTime:0.0070s ]
SQL: SELECT DISTINCT user_id FROM `table_game_change_gold` WHERE DATE_FORMAT(change_time,'%Y-%m-%d') = '2018-06-09'  [ RunTime:0.0060s ]
SQL: SELECT DISTINCT user_id FROM `table_game_change_gold` WHERE DATE_FORMAT(change_time,'%Y-%m-%d') = '2018-06-08'  [ RunTime:0.0070s ]
SQL: SELECT DISTINCT user_id FROM `table_game_change_gold` WHERE DATE_FORMAT(change_time,'%Y-%m-%d') = '2018-06-07'  [ RunTime:0.0070s ]
SQL: SELECT DISTINCT user_id FROM `table_game_change_gold` WHERE DATE_FORMAT(change_time,'%Y-%m-%d') = '2018-06-06'  [ RunTime:0.0060s ]
SQL: SELECT DISTINCT user_id FROM `table_game_change_gold` WHERE DATE_FORMAT(change_time,'%Y-%m-%d') = '2018-06-05'  [ RunTime:0.0060s ]
SQL: SELECT DISTINCT user_id FROM `table_game_change_gold` WHERE DATE_FORMAT(change_time,'%Y-%m-%d') = '2018-06-04'  [ RunTime:0.0060s ]
NOTIC: [8] Undefined index: 2018-06-03 C:\wamp\www\Application\qpht\Model\Game_change_goldModel.class.php 第 35 行.
NOTIC: [2] Invalid argument supplied for foreach() C:\wamp\www\Application\qpht\Model\Game_change_goldModel.class.php 第 37 行.

[ 2018-06-11T09:37:30+08:00 ] ::1 /qpht.php/gamemanage/gameProData
INFO: [ app_init ] --START--
INFO: Run Behavior\BuildLiteBehavior [ RunTime:0.000000s ]
INFO: [ app_init ] --END-- [ RunTime:0.000000s ]
INFO: [ app_begin ] --START--
INFO: Run Behavior\ReadHtmlCacheBehavior [ RunTime:0.001000s ]
INFO: [ app_begin ] --END-- [ RunTime:0.001000s ]
SQL: SHOW COLUMNS FROM `qp_role` [ RunTime:0.0040s ]
SQL: SELECT `jurisdiction` FROM `qp_role` WHERE `id` = 4 LIMIT 1   [ RunTime:0.0010s ]
SQL: SHOW COLUMNS FROM `qp_module` [ RunTime:0.0030s ]
SQL: SHOW COLUMNS FROM `qp_menu` [ RunTime:0.0040s ]
SQL: SELECT `id` FROM `qp_menu` WHERE `menurl` = '/gamemanage/gameprodata' LIMIT 1   [ RunTime:0.0000s ]
SQL: SELECT * FROM `qp_module` ORDER BY sortnum LIMIT 10   [ RunTime:0.0010s ]
SQL: SELECT * FROM `qp_menu` LIMIT 50   [ RunTime:0.0010s ]
SQL: SHOW COLUMNS FROM `qp_gameinfo` [ RunTime:0.0040s ]
SQL: SELECT * FROM `qp_gameinfo` WHERE ( state=1 )  [ RunTime:0.0010s ]
NOTIC: [8] Undefined index: beftime C:\wamp\www\Application\qpht\Controller\GamemanageController.class.php 第 295 行.
NOTIC: [8] Undefined index: endtime C:\wamp\www\Application\qpht\Controller\GamemanageController.class.php 第 296 行.
NOTIC: [8] Undefined index: endtime C:\wamp\www\Application\qpht\Controller\GamemanageController.class.php 第 299 行.
SQL: SELECT * FROM `qp_gameinfo` WHERE ( id=1 )  [ RunTime:0.0010s ]
SQL: SHOW COLUMNS FROM `tbl_playerinfo` [ RunTime:0.0020s ]
SQL: SELECT `create_time`,count('userid') FROM `tbl_playerinfo` WHERE `create_time` BETWEEN '2018-06-04' AND '2018-06-11' GROUP BY DATE_FORMAT(create_time,'%Y-%m-%d')  [ RunTime:0.0060s ]
SQL: SELECT `userid` FROM `tbl_playerinfo` WHERE DATE_FORMAT(create_time,'%Y-%m-%d') = '2018-06-10'  [ RunTime:0.0060s ]
SQL: SELECT `userid` FROM `tbl_playerinfo` WHERE DATE_FORMAT(create_time,'%Y-%m-%d') = '2018-06-09'  [ RunTime:0.0070s ]
SQL: SELECT `userid` FROM `tbl_playerinfo` WHERE DATE_FORMAT(create_time,'%Y-%m-%d') = '2018-06-08'  [ RunTime:0.0080s ]
SQL: SELECT `userid` FROM `tbl_playerinfo` WHERE DATE_FORMAT(create_time,'%Y-%m-%d') = '2018-06-07'  [ RunTime:0.0070s ]
SQL: SELECT `userid` FROM `tbl_playerinfo` WHERE DATE_FORMAT(create_time,'%Y-%m-%d') = '2018-06-06'  [ RunTime:0.0080s ]
SQL: SELECT `userid` FROM `tbl_playerinfo` WHERE DATE_FORMAT(create_time,'%Y-%m-%d') = '2018-06-05'  [ RunTime:0.0080s ]
SQL: SELECT `userid` FROM `tbl_playerinfo` WHERE DATE_FORMAT(create_time,'%Y-%m-%d') = '2018-06-04'  [ RunTime:0.0070s ]
SQL: SHOW COLUMNS FROM `table_game_change_gold` [ RunTime:0.0110s ]
SQL: SELECT DISTINCT user_id FROM `table_game_change_gold` WHERE DATE_FORMAT(change_time,'%Y-%m-%d') = '2018-06-10'  [ RunTime:0.0060s ]
SQL: SELECT DISTINCT user_id FROM `table_game_change_gold` WHERE DATE_FORMAT(change_time,'%Y-%m-%d') = '2018-06-09'  [ RunTime:0.0050s ]
SQL: SELECT DISTINCT user_id FROM `table_game_change_gold` WHERE DATE_FORMAT(change_time,'%Y-%m-%d') = '2018-06-08'  [ RunTime:0.0070s ]
SQL: SELECT DISTINCT user_id FROM `table_game_change_gold` WHERE DATE_FORMAT(change_time,'%Y-%m-%d') = '2018-06-07'  [ RunTime:0.0060s ]
SQL: SELECT DISTINCT user_id FROM `table_game_change_gold` WHERE DATE_FORMAT(change_time,'%Y-%m-%d') = '2018-06-06'  [ RunTime:0.0060s ]
SQL: SELECT DISTINCT user_id FROM `table_game_change_gold` WHERE DATE_FORMAT(change_time,'%Y-%m-%d') = '2018-06-05'  [ RunTime:0.0060s ]
SQL: SELECT DISTINCT user_id FROM `table_game_change_gold` WHERE DATE_FORMAT(change_time,'%Y-%m-%d') = '2018-06-04'  [ RunTime:0.0050s ]
NOTIC: [8] Undefined index: 2018-06-03 C:\wamp\www\Application\qpht\Model\Game_change_goldModel.class.php 第 35 行.
NOTIC: [2] Invalid argument supplied for foreach() C:\wamp\www\Application\qpht\Model\Game_change_goldModel.class.php 第 37 行.
SQL: SELECT count(DISTINCT user_id) FROM `table_game_change_gold` WHERE DATE_FORMAT(change_time,'%Y-%m-%d') = '2018-06-10' AND `user_id` > 1000  [ RunTime:0.0060s ]
SQL: SELECT count(DISTINCT user_id) FROM `table_game_change_gold` WHERE DATE_FORMAT(change_time,'%Y-%m-%d') = '2018-06-09' AND `user_id` > 1000  [ RunTime:0.0060s ]
SQL: SELECT count(DISTINCT user_id) FROM `table_game_change_gold` WHERE DATE_FORMAT(change_time,'%Y-%m-%d') = '2018-06-08' AND `user_id` > 1000  [ RunTime:0.0060s ]
SQL: SELECT count(DISTINCT user_id) FROM `table_game_change_gold` WHERE DATE_FORMAT(change_time,'%Y-%m-%d') = '2018-06-07' AND `user_id` > 1000  [ RunTime:0.0060s ]
SQL: SELECT count(DISTINCT user_id) FROM `table_game_change_gold` WHERE DATE_FORMAT(change_time,'%Y-%m-%d') = '2018-06-06' AND `user_id` > 1000  [ RunTime:0.0060s ]
SQL: SELECT count(DISTINCT user_id) FROM `table_game_change_gold` WHERE DATE_FORMAT(change_time,'%Y-%m-%d') = '2018-06-05' AND `user_id` > 1000  [ RunTime:0.0060s ]
SQL: SELECT count(DISTINCT user_id) FROM `table_game_change_gold` WHERE DATE_FORMAT(change_time,'%Y-%m-%d') = '2018-06-04' AND `user_id` > 1000  [ RunTime:0.0060s ]
SQL: select DATE_FORMAT(change_time,'%Y-%m-%d') days,count(user_id),count(DISTINCT user_id) from table_game_change_gold where user_id>1000 and DATE_FORMAT(change_time,'%Y-%m-%d') ='2018-06-10' [ RunTime:0.0050s ]
SQL: select DATE_FORMAT(change_time,'%Y-%m-%d') days,count(user_id),count(DISTINCT user_id) from table_game_change_gold where user_id>1000 and DATE_FORMAT(change_time,'%Y-%m-%d') ='2018-06-09' [ RunTime:0.0050s ]
SQL: select DATE_FORMAT(change_time,'%Y-%m-%d') days,count(user_id),count(DISTINCT user_id) from table_game_change_gold where user_id>1000 and DATE_FORMAT(change_time,'%Y-%m-%d') ='2018-06-08' [ RunTime:0.0050s ]
SQL: select DATE_FORMAT(change_time,'%Y-%m-%d') days,count(user_id),count(DISTINCT user_id) from table_game_change_gold where user_id>1000 and DATE_FORMAT(change_time,'%Y-%m-%d') ='2018-06-07' [ RunTime:0.0050s ]
SQL: select DATE_FORMAT(change_time,'%Y-%m-%d') days,count(user_id),count(DISTINCT user_id) from table_game_change_gold where user_id>1000 and DATE_FORMAT(change_time,'%Y-%m-%d') ='2018-06-06' [ RunTime:0.0050s ]
SQL: select DATE_FORMAT(change_time,'%Y-%m-%d') days,count(user_id),count(DISTINCT user_id) from table_game_change_gold where user_id>1000 and DATE_FORMAT(change_time,'%Y-%m-%d') ='2018-06-05' [ RunTime:0.0050s ]
SQL: select DATE_FORMAT(change_time,'%Y-%m-%d') days,count(user_id),count(DISTINCT user_id) from table_game_change_gold where user_id>1000 and DATE_FORMAT(change_time,'%Y-%m-%d') ='2018-06-04' [ RunTime:0.0050s ]
INFO: [ view_parse ] --START--
INFO: [ template_filter ] --START--
INFO: Run Behavior\ContentReplaceBehavior [ RunTime:0.000000s ]
INFO: [ template_filter ] --END-- [ RunTime:0.001000s ]
NOTIC: [8] Undefined variable: actions C:\wamp\www\Runtime\Cache\qpht\4c2f7fe3af05c91ccaee151a8c116f63.php 第 115 行.
INFO: Run Behavior\ParseTemplateBehavior [ RunTime:0.015000s ]
INFO: [ view_parse ] --END-- [ RunTime:0.016000s ]
INFO: [ view_filter ] --START--
INFO: Run Behavior\WriteHtmlCacheBehavior [ RunTime:0.000000s ]
INFO: [ view_filter ] --END-- [ RunTime:0.000000s ]
INFO: [ app_end ] --START--
INFO: Run Behavior\ShowPageTraceBehavior [ RunTime:0.001000s ]
INFO: [ app_end ] --END-- [ RunTime:0.001000s ]

[ 2018-06-11T09:37:30+08:00 ] ::1 /qpht.php/gamemanage/seachdata5
INFO: [ app_init ] --START--
INFO: Run Behavior\BuildLiteBehavior [ RunTime:0.000000s ]
INFO: [ app_init ] --END-- [ RunTime:0.000000s ]
INFO: [ app_begin ] --START--
INFO: Run Behavior\ReadHtmlCacheBehavior [ RunTime:0.001000s ]
INFO: [ app_begin ] --END-- [ RunTime:0.001000s ]
SQL: SHOW COLUMNS FROM `qp_gameinfo` [ RunTime:0.0045s ]
SQL: SELECT * FROM `qp_gameinfo` WHERE ( id=1 )  [ RunTime:0.0010s ]
SQL: SHOW COLUMNS FROM `tbl_playerinfo` [ RunTime:0.0040s ]
SQL: SELECT `create_time`,count('userid') FROM `tbl_playerinfo` WHERE `create_time` BETWEEN '2018-6-04' AND '2018-6-11' GROUP BY DATE_FORMAT(create_time,'%Y-%m-%d')  [ RunTime:0.0070s ]
SQL: SELECT `userid` FROM `tbl_playerinfo` WHERE DATE_FORMAT(create_time,'%Y-%m-%d') = '2018-06-10'  [ RunTime:0.0070s ]
SQL: SELECT `userid` FROM `tbl_playerinfo` WHERE DATE_FORMAT(create_time,'%Y-%m-%d') = '2018-06-09'  [ RunTime:0.0080s ]
SQL: SELECT `userid` FROM `tbl_playerinfo` WHERE DATE_FORMAT(create_time,'%Y-%m-%d') = '2018-06-08'  [ RunTime:0.0090s ]
SQL: SELECT `userid` FROM `tbl_playerinfo` WHERE DATE_FORMAT(create_time,'%Y-%m-%d') = '2018-06-07'  [ RunTime:0.0080s ]
SQL: SELECT `userid` FROM `tbl_playerinfo` WHERE DATE_FORMAT(create_time,'%Y-%m-%d') = '2018-06-06'  [ RunTime:0.0090s ]
SQL: SELECT `userid` FROM `tbl_playerinfo` WHERE DATE_FORMAT(create_time,'%Y-%m-%d') = '2018-06-05'  [ RunTime:0.0070s ]
SQL: SELECT `userid` FROM `tbl_playerinfo` WHERE DATE_FORMAT(create_time,'%Y-%m-%d') = '2018-06-04'  [ RunTime:0.0070s ]
SQL: SHOW COLUMNS FROM `table_game_change_gold` [ RunTime:0.0080s ]
SQL: SELECT DISTINCT user_id FROM `table_game_change_gold` WHERE DATE_FORMAT(change_time,'%Y-%m-%d') = '2018-06-10'  [ RunTime:0.0050s ]
SQL: SELECT DISTINCT user_id FROM `table_game_change_gold` WHERE DATE_FORMAT(change_time,'%Y-%m-%d') = '2018-06-09'  [ RunTime:0.0060s ]
SQL: SELECT DISTINCT user_id FROM `table_game_change_gold` WHERE DATE_FORMAT(change_time,'%Y-%m-%d') = '2018-06-08'  [ RunTime:0.0060s ]
SQL: SELECT DISTINCT user_id FROM `table_game_change_gold` WHERE DATE_FORMAT(change_time,'%Y-%m-%d') = '2018-06-07'  [ RunTime:0.0060s ]
SQL: SELECT DISTINCT user_id FROM `table_game_change_gold` WHERE DATE_FORMAT(change_time,'%Y-%m-%d') = '2018-06-06'  [ RunTime:0.0070s ]
SQL: SELECT DISTINCT user_id FROM `table_game_change_gold` WHERE DATE_FORMAT(change_time,'%Y-%m-%d') = '2018-06-05'  [ RunTime:0.0070s ]
SQL: SELECT DISTINCT user_id FROM `table_game_change_gold` WHERE DATE_FORMAT(change_time,'%Y-%m-%d') = '2018-06-04'  [ RunTime:0.0060s ]
NOTIC: [8] Undefined index: 2018-06-03 C:\wamp\www\Application\qpht\Model\Game_change_goldModel.class.php 第 35 行.
NOTIC: [2] Invalid argument supplied for foreach() C:\wamp\www\Application\qpht\Model\Game_change_goldModel.class.php 第 37 行.

[ 2018-06-11T09:41:13+08:00 ] ::1 /qpht.php/gamemanage/gameProData
INFO: [ app_init ] --START--
INFO: Run Behavior\BuildLiteBehavior [ RunTime:0.000000s ]
INFO: [ app_init ] --END-- [ RunTime:0.001000s ]
INFO: [ app_begin ] --START--
INFO: Run Behavior\ReadHtmlCacheBehavior [ RunTime:0.001000s ]
INFO: [ app_begin ] --END-- [ RunTime:0.001000s ]
SQL: SHOW COLUMNS FROM `qp_role` [ RunTime:0.0030s ]
SQL: SELECT `jurisdiction` FROM `qp_role` WHERE `id` = 4 LIMIT 1   [ RunTime:0.0010s ]
SQL: SHOW COLUMNS FROM `qp_module` [ RunTime:0.0040s ]
SQL: SHOW COLUMNS FROM `qp_menu` [ RunTime:0.0030s ]
SQL: SELECT `id` FROM `qp_menu` WHERE `menurl` = '/gamemanage/gameprodata' LIMIT 1   [ RunTime:0.0000s ]
SQL: SELECT * FROM `qp_module` ORDER BY sortnum LIMIT 10   [ RunTime:0.0000s ]
SQL: SELECT * FROM `qp_menu` LIMIT 50   [ RunTime:0.0010s ]
SQL: SHOW COLUMNS FROM `qp_gameinfo` [ RunTime:0.0030s ]
SQL: SELECT * FROM `qp_gameinfo` WHERE ( state=1 )  [ RunTime:0.0000s ]
NOTIC: [8] Undefined index: beftime C:\wamp\www\Application\qpht\Controller\GamemanageController.class.php 第 295 行.
NOTIC: [8] Undefined index: endtime C:\wamp\www\Application\qpht\Controller\GamemanageController.class.php 第 296 行.
NOTIC: [8] Undefined index: endtime C:\wamp\www\Application\qpht\Controller\GamemanageController.class.php 第 299 行.
SQL: SELECT * FROM `qp_gameinfo` WHERE ( id=1 )  [ RunTime:0.0010s ]
SQL: SHOW COLUMNS FROM `tbl_playerinfo` [ RunTime:0.0020s ]
SQL: SELECT `create_time`,count('userid') FROM `tbl_playerinfo` WHERE `create_time` BETWEEN '2018-06-04' AND '2018-06-11' GROUP BY DATE_FORMAT(create_time,'%Y-%m-%d')  [ RunTime:0.0100s ]
SQL: SELECT `userid` FROM `tbl_playerinfo` WHERE DATE_FORMAT(create_time,'%Y-%m-%d') = '2018-06-10'  [ RunTime:0.0080s ]
SQL: SELECT `userid` FROM `tbl_playerinfo` WHERE DATE_FORMAT(create_time,'%Y-%m-%d') = '2018-06-09'  [ RunTime:0.0080s ]
SQL: SELECT `userid` FROM `tbl_playerinfo` WHERE DATE_FORMAT(create_time,'%Y-%m-%d') = '2018-06-08'  [ RunTime:0.0090s ]
SQL: SELECT `userid` FROM `tbl_playerinfo` WHERE DATE_FORMAT(create_time,'%Y-%m-%d') = '2018-06-07'  [ RunTime:0.0080s ]
SQL: SELECT `userid` FROM `tbl_playerinfo` WHERE DATE_FORMAT(create_time,'%Y-%m-%d') = '2018-06-06'  [ RunTime:0.0080s ]
SQL: SELECT `userid` FROM `tbl_playerinfo` WHERE DATE_FORMAT(create_time,'%Y-%m-%d') = '2018-06-05'  [ RunTime:0.0080s ]
SQL: SELECT `userid` FROM `tbl_playerinfo` WHERE DATE_FORMAT(create_time,'%Y-%m-%d') = '2018-06-04'  [ RunTime:0.0070s ]
SQL: SHOW COLUMNS FROM `table_game_change_gold` [ RunTime:0.0180s ]
SQL: SELECT DISTINCT user_id FROM `table_game_change_gold` WHERE DATE_FORMAT(change_time,'%Y-%m-%d') = '2018-06-10'  [ RunTime:0.0060s ]
SQL: SELECT DISTINCT user_id FROM `table_game_change_gold` WHERE DATE_FORMAT(change_time,'%Y-%m-%d') = '2018-06-09'  [ RunTime:0.0050s ]
SQL: SELECT DISTINCT user_id FROM `table_game_change_gold` WHERE DATE_FORMAT(change_time,'%Y-%m-%d') = '2018-06-08'  [ RunTime:0.0060s ]
SQL: SELECT DISTINCT user_id FROM `table_game_change_gold` WHERE DATE_FORMAT(change_time,'%Y-%m-%d') = '2018-06-07'  [ RunTime:0.0070s ]
SQL: SELECT DISTINCT user_id FROM `table_game_change_gold` WHERE DATE_FORMAT(change_time,'%Y-%m-%d') = '2018-06-06'  [ RunTime:0.0070s ]
SQL: SELECT DISTINCT user_id FROM `table_game_change_gold` WHERE DATE_FORMAT(change_time,'%Y-%m-%d') = '2018-06-05'  [ RunTime:0.0060s ]
SQL: SELECT DISTINCT user_id FROM `table_game_change_gold` WHERE DATE_FORMAT(change_time,'%Y-%m-%d') = '2018-06-04'  [ RunTime:0.0060s ]
NOTIC: [8] Undefined index: 2018-06-03 C:\wamp\www\Application\qpht\Model\Game_change_goldModel.class.php 第 35 行.
NOTIC: [2] Invalid argument supplied for foreach() C:\wamp\www\Application\qpht\Model\Game_change_goldModel.class.php 第 37 行.
SQL: SELECT count(DISTINCT user_id) FROM `table_game_change_gold` WHERE DATE_FORMAT(change_time,'%Y-%m-%d') = '2018-06-10' AND `user_id` > 1000  [ RunTime:0.0060s ]
SQL: SELECT count(DISTINCT user_id) FROM `table_game_change_gold` WHERE DATE_FORMAT(change_time,'%Y-%m-%d') = '2018-06-09' AND `user_id` > 1000  [ RunTime:0.0060s ]
SQL: SELECT count(DISTINCT user_id) FROM `table_game_change_gold` WHERE DATE_FORMAT(change_time,'%Y-%m-%d') = '2018-06-08' AND `user_id` > 1000  [ RunTime:0.0060s ]
SQL: SELECT count(DISTINCT user_id) FROM `table_game_change_gold` WHERE DATE_FORMAT(change_time,'%Y-%m-%d') = '2018-06-07' AND `user_id` > 1000  [ RunTime:0.0050s ]
SQL: SELECT count(DISTINCT user_id) FROM `table_game_change_gold` WHERE DATE_FORMAT(change_time,'%Y-%m-%d') = '2018-06-06' AND `user_id` > 1000  [ RunTime:0.0060s ]
SQL: SELECT count(DISTINCT user_id) FROM `table_game_change_gold` WHERE DATE_FORMAT(change_time,'%Y-%m-%d') = '2018-06-05' AND `user_id` > 1000  [ RunTime:0.0060s ]
SQL: SELECT count(DISTINCT user_id) FROM `table_game_change_gold` WHERE DATE_FORMAT(change_time,'%Y-%m-%d') = '2018-06-04' AND `user_id` > 1000  [ RunTime:0.0060s ]
SQL: select DATE_FORMAT(change_time,'%Y-%m-%d') days,count(user_id),count(DISTINCT user_id) from table_game_change_gold where user_id>1000 and DATE_FORMAT(change_time,'%Y-%m-%d') ='2018-06-10' [ RunTime:0.0050s ]
SQL: select DATE_FORMAT(change_time,'%Y-%m-%d') days,count(user_id),count(DISTINCT user_id) from table_game_change_gold where user_id>1000 and DATE_FORMAT(change_time,'%Y-%m-%d') ='2018-06-09' [ RunTime:0.0050s ]
SQL: select DATE_FORMAT(change_time,'%Y-%m-%d') days,count(user_id),count(DISTINCT user_id) from table_game_change_gold where user_id>1000 and DATE_FORMAT(change_time,'%Y-%m-%d') ='2018-06-08' [ RunTime:0.0050s ]
SQL: select DATE_FORMAT(change_time,'%Y-%m-%d') days,count(user_id),count(DISTINCT user_id) from table_game_change_gold where user_id>1000 and DATE_FORMAT(change_time,'%Y-%m-%d') ='2018-06-07' [ RunTime:0.0050s ]
SQL: select DATE_FORMAT(change_time,'%Y-%m-%d') days,count(user_id),count(DISTINCT user_id) from table_game_change_gold where user_id>1000 and DATE_FORMAT(change_time,'%Y-%m-%d') ='2018-06-06' [ RunTime:0.0040s ]
SQL: select DATE_FORMAT(change_time,'%Y-%m-%d') days,count(user_id),count(DISTINCT user_id) from table_game_change_gold where user_id>1000 and DATE_FORMAT(change_time,'%Y-%m-%d') ='2018-06-05' [ RunTime:0.0040s ]
SQL: select DATE_FORMAT(change_time,'%Y-%m-%d') days,count(user_id),count(DISTINCT user_id) from table_game_change_gold where user_id>1000 and DATE_FORMAT(change_time,'%Y-%m-%d') ='2018-06-04' [ RunTime:0.0050s ]
INFO: [ view_parse ] --START--
INFO: [ template_filter ] --START--
INFO: Run Behavior\ContentReplaceBehavior [ RunTime:0.001000s ]
INFO: [ template_filter ] --END-- [ RunTime:0.001000s ]
NOTIC: [8] Undefined variable: actions C:\wamp\www\Runtime\Cache\qpht\4c2f7fe3af05c91ccaee151a8c116f63.php 第 115 行.
INFO: Run Behavior\ParseTemplateBehavior [ RunTime:0.018000s ]
INFO: [ view_parse ] --END-- [ RunTime:0.018000s ]
INFO: [ view_filter ] --START--
INFO: Run Behavior\WriteHtmlCacheBehavior [ RunTime:0.001000s ]
INFO: [ view_filter ] --END-- [ RunTime:0.001000s ]
INFO: [ app_end ] --START--
INFO: Run Behavior\ShowPageTraceBehavior [ RunTime:0.001000s ]
INFO: [ app_end ] --END-- [ RunTime:0.001000s ]

[ 2018-06-11T09:41:14+08:00 ] ::1 /qpht.php/gamemanage/seachdata5
INFO: [ app_init ] --START--
INFO: Run Behavior\BuildLiteBehavior [ RunTime:0.000000s ]
INFO: [ app_init ] --END-- [ RunTime:0.000000s ]
INFO: [ app_begin ] --START--
INFO: Run Behavior\ReadHtmlCacheBehavior [ RunTime:0.001000s ]
INFO: [ app_begin ] --END-- [ RunTime:0.001000s ]
SQL: SHOW COLUMNS FROM `qp_gameinfo` [ RunTime:0.0040s ]
SQL: SELECT * FROM `qp_gameinfo` WHERE ( id=1 )  [ RunTime:0.0000s ]
SQL: SHOW COLUMNS FROM `tbl_playerinfo` [ RunTime:0.0130s ]
SQL: SELECT `create_time`,count('userid') FROM `tbl_playerinfo` WHERE `create_time` BETWEEN '2018-6-04' AND '2018-6-11' GROUP BY DATE_FORMAT(create_time,'%Y-%m-%d')  [ RunTime:0.0210s ]
SQL: SELECT `userid` FROM `tbl_playerinfo` WHERE DATE_FORMAT(create_time,'%Y-%m-%d') = '2018-06-10'  [ RunTime:0.0210s ]
SQL: SELECT `userid` FROM `tbl_playerinfo` WHERE DATE_FORMAT(create_time,'%Y-%m-%d') = '2018-06-09'  [ RunTime:0.0170s ]
SQL: SELECT `userid` FROM `tbl_playerinfo` WHERE DATE_FORMAT(create_time,'%Y-%m-%d') = '2018-06-08'  [ RunTime:0.0170s ]
SQL: SELECT `userid` FROM `tbl_playerinfo` WHERE DATE_FORMAT(create_time,'%Y-%m-%d') = '2018-06-07'  [ RunTime:0.0150s ]
SQL: SELECT `userid` FROM `tbl_playerinfo` WHERE DATE_FORMAT(create_time,'%Y-%m-%d') = '2018-06-06'  [ RunTime:0.0130s ]
SQL: SELECT `userid` FROM `tbl_playerinfo` WHERE DATE_FORMAT(create_time,'%Y-%m-%d') = '2018-06-05'  [ RunTime:0.0090s ]
SQL: SELECT `userid` FROM `tbl_playerinfo` WHERE DATE_FORMAT(create_time,'%Y-%m-%d') = '2018-06-04'  [ RunTime:0.0090s ]
SQL: SHOW COLUMNS FROM `table_game_change_gold` [ RunTime:0.0040s ]
SQL: SELECT DISTINCT user_id FROM `table_game_change_gold` WHERE DATE_FORMAT(change_time,'%Y-%m-%d') = '2018-06-10'  [ RunTime:0.0060s ]
SQL: SELECT DISTINCT user_id FROM `table_game_change_gold` WHERE DATE_FORMAT(change_time,'%Y-%m-%d') = '2018-06-09'  [ RunTime:0.0060s ]
SQL: SELECT DISTINCT user_id FROM `table_game_change_gold` WHERE DATE_FORMAT(change_time,'%Y-%m-%d') = '2018-06-08'  [ RunTime:0.0070s ]
SQL: SELECT DISTINCT user_id FROM `table_game_change_gold` WHERE DATE_FORMAT(change_time,'%Y-%m-%d') = '2018-06-07'  [ RunTime:0.0060s ]
SQL: SELECT DISTINCT user_id FROM `table_game_change_gold` WHERE DATE_FORMAT(change_time,'%Y-%m-%d') = '2018-06-06'  [ RunTime:0.0060s ]
SQL: SELECT DISTINCT user_id FROM `table_game_change_gold` WHERE DATE_FORMAT(change_time,'%Y-%m-%d') = '2018-06-05'  [ RunTime:0.0070s ]
SQL: SELECT DISTINCT user_id FROM `table_game_change_gold` WHERE DATE_FORMAT(change_time,'%Y-%m-%d') = '2018-06-04'  [ RunTime:0.0060s ]
NOTIC: [8] Undefined index: 2018-06-03 C:\wamp\www\Application\qpht\Model\Game_change_goldModel.class.php 第 35 行.
NOTIC: [2] Invalid argument supplied for foreach() C:\wamp\www\Application\qpht\Model\Game_change_goldModel.class.php 第 37 行.

[ 2018-06-11T09:42:18+08:00 ] ::1 /qpht.php/gamemanage/seachdata5
INFO: [ app_init ] --START--
INFO: Run Behavior\BuildLiteBehavior [ RunTime:0.000000s ]
INFO: [ app_init ] --END-- [ RunTime:0.000000s ]
INFO: [ app_begin ] --START--
INFO: Run Behavior\ReadHtmlCacheBehavior [ RunTime:0.000000s ]
INFO: [ app_begin ] --END-- [ RunTime:0.001000s ]
SQL: SHOW COLUMNS FROM `qp_gameinfo` [ RunTime:0.0030s ]
SQL: SELECT * FROM `qp_gameinfo` WHERE ( id=1 )  [ RunTime:0.0000s ]
SQL: SHOW COLUMNS FROM `tbl_playerinfo` [ RunTime:0.0020s ]
SQL: SELECT `create_time`,count('userid') FROM `tbl_playerinfo` WHERE `create_time` BETWEEN '2018-05-01' AND '2018-07-31 23:59:59' GROUP BY DATE_FORMAT(create_time,'%Y-%m-%d')  [ RunTime:0.0200s ]
SQL: SELECT `userid` FROM `tbl_playerinfo` WHERE DATE_FORMAT(create_time,'%Y-%m-%d') = '2018-07-30'  [ RunTime:0.0130s ]
SQL: SELECT `userid` FROM `tbl_playerinfo` WHERE DATE_FORMAT(create_time,'%Y-%m-%d') = '2018-07-29'  [ RunTime:0.0120s ]
SQL: SELECT `userid` FROM `tbl_playerinfo` WHERE DATE_FORMAT(create_time,'%Y-%m-%d') = '2018-07-28'  [ RunTime:0.0110s ]
SQL: SELECT `userid` FROM `tbl_playerinfo` WHERE DATE_FORMAT(create_time,'%Y-%m-%d') = '2018-07-27'  [ RunTime:0.0100s ]
SQL: SELECT `userid` FROM `tbl_playerinfo` WHERE DATE_FORMAT(create_time,'%Y-%m-%d') = '2018-07-26'  [ RunTime:0.0100s ]
SQL: SELECT `userid` FROM `tbl_playerinfo` WHERE DATE_FORMAT(create_time,'%Y-%m-%d') = '2018-07-25'  [ RunTime:0.0100s ]
SQL: SELECT `userid` FROM `tbl_playerinfo` WHERE DATE_FORMAT(create_time,'%Y-%m-%d') = '2018-07-24'  [ RunTime:0.0090s ]
SQL: SELECT `userid` FROM `tbl_playerinfo` WHERE DATE_FORMAT(create_time,'%Y-%m-%d') = '2018-07-23'  [ RunTime:0.0090s ]
SQL: SELECT `userid` FROM `tbl_playerinfo` WHERE DATE_FORMAT(create_time,'%Y-%m-%d') = '2018-07-22'  [ RunTime:0.0070s ]
SQL: SELECT `userid` FROM `tbl_playerinfo` WHERE DATE_FORMAT(create_time,'%Y-%m-%d') = '2018-07-21'  [ RunTime:0.0070s ]
SQL: SELECT `userid` FROM `tbl_playerinfo` WHERE DATE_FORMAT(create_time,'%Y-%m-%d') = '2018-07-20'  [ RunTime:0.0070s ]
SQL: SELECT `userid` FROM `tbl_playerinfo` WHERE DATE_FORMAT(create_time,'%Y-%m-%d') = '2018-07-19'  [ RunTime:0.0070s ]
SQL: SELECT `userid` FROM `tbl_playerinfo` WHERE DATE_FORMAT(create_time,'%Y-%m-%d') = '2018-07-18'  [ RunTime:0.0070s ]
SQL: SELECT `userid` FROM `tbl_playerinfo` WHERE DATE_FORMAT(create_time,'%Y-%m-%d') = '2018-07-17'  [ RunTime:0.0080s ]
SQL: SELECT `userid` FROM `tbl_playerinfo` WHERE DATE_FORMAT(create_time,'%Y-%m-%d') = '2018-07-16'  [ RunTime:0.0070s ]
SQL: SELECT `userid` FROM `tbl_playerinfo` WHERE DATE_FORMAT(create_time,'%Y-%m-%d') = '2018-07-15'  [ RunTime:0.0070s ]
SQL: SELECT `userid` FROM `tbl_playerinfo` WHERE DATE_FORMAT(create_time,'%Y-%m-%d') = '2018-07-14'  [ RunTime:0.0070s ]
SQL: SELECT `userid` FROM `tbl_playerinfo` WHERE DATE_FORMAT(create_time,'%Y-%m-%d') = '2018-07-13'  [ RunTime:0.0070s ]
SQL: SELECT `userid` FROM `tbl_playerinfo` WHERE DATE_FORMAT(create_time,'%Y-%m-%d') = '2018-07-12'  [ RunTime:0.0070s ]
SQL: SELECT `userid` FROM `tbl_playerinfo` WHERE DATE_FORMAT(create_time,'%Y-%m-%d') = '2018-07-11'  [ RunTime:0.0070s ]
SQL: SELECT `userid` FROM `tbl_playerinfo` WHERE DATE_FORMAT(create_time,'%Y-%m-%d') = '2018-07-10'  [ RunTime:0.0070s ]
SQL: SELECT `userid` FROM `tbl_playerinfo` WHERE DATE_FORMAT(create_time,'%Y-%m-%d') = '2018-07-09'  [ RunTime:0.0070s ]
SQL: SELECT `userid` FROM `tbl_playerinfo` WHERE DATE_FORMAT(create_time,'%Y-%m-%d') = '2018-07-08'  [ RunTime:0.0070s ]
SQL: SELECT `userid` FROM `tbl_playerinfo` WHERE DATE_FORMAT(create_time,'%Y-%m-%d') = '2018-07-07'  [ RunTime:0.0070s ]
SQL: SELECT `userid` FROM `tbl_playerinfo` WHERE DATE_FORMAT(create_time,'%Y-%m-%d') = '2018-07-06'  [ RunTime:0.0060s ]
SQL: SELECT `userid` FROM `tbl_playerinfo` WHERE DATE_FORMAT(create_time,'%Y-%m-%d') = '2018-07-05'  [ RunTime:0.0070s ]
SQL: SELECT `userid` FROM `tbl_playerinfo` WHERE DATE_FORMAT(create_time,'%Y-%m-%d') = '2018-07-04'  [ RunTime:0.0070s ]
SQL: SELECT `userid` FROM `tbl_playerinfo` WHERE DATE_FORMAT(create_time,'%Y-%m-%d') = '2018-07-03'  [ RunTime:0.0070s ]
SQL: SELECT `userid` FROM `tbl_playerinfo` WHERE DATE_FORMAT(create_time,'%Y-%m-%d') = '2018-07-02'  [ RunTime:0.0070s ]
SQL: SELECT `userid` FROM `tbl_playerinfo` WHERE DATE_FORMAT(create_time,'%Y-%m-%d') = '2018-07-01'  [ RunTime:0.0070s ]
SQL: SELECT `userid` FROM `tbl_playerinfo` WHERE DATE_FORMAT(create_time,'%Y-%m-%d') = '2018-06-30'  [ RunTime:0.0070s ]
SQL: SELECT `userid` FROM `tbl_playerinfo` WHERE DATE_FORMAT(create_time,'%Y-%m-%d') = '2018-06-29'  [ RunTime:0.0070s ]
SQL: SELECT `userid` FROM `tbl_playerinfo` WHERE DATE_FORMAT(create_time,'%Y-%m-%d') = '2018-06-28'  [ RunTime:0.0070s ]
SQL: SELECT `userid` FROM `tbl_playerinfo` WHERE DATE_FORMAT(create_time,'%Y-%m-%d') = '2018-06-27'  [ RunTime:0.0070s ]
SQL: SELECT `userid` FROM `tbl_playerinfo` WHERE DATE_FORMAT(create_time,'%Y-%m-%d') = '2018-06-26'  [ RunTime:0.0070s ]
SQL: SELECT `userid` FROM `tbl_playerinfo` WHERE DATE_FORMAT(create_time,'%Y-%m-%d') = '2018-06-25'  [ RunTime:0.0070s ]
SQL: SELECT `userid` FROM `tbl_playerinfo` WHERE DATE_FORMAT(create_time,'%Y-%m-%d') = '2018-06-24'  [ RunTime:0.0080s ]
SQL: SELECT `userid` FROM `tbl_playerinfo` WHERE DATE_FORMAT(create_time,'%Y-%m-%d') = '2018-06-23'  [ RunTime:0.0070s ]
SQL: SELECT `userid` FROM `tbl_playerinfo` WHERE DATE_FORMAT(create_time,'%Y-%m-%d') = '2018-06-22'  [ RunTime:0.0070s ]
SQL: SELECT `userid` FROM `tbl_playerinfo` WHERE DATE_FORMAT(create_time,'%Y-%m-%d') = '2018-06-21'  [ RunTime:0.0070s ]
SQL: SELECT `userid` FROM `tbl_playerinfo` WHERE DATE_FORMAT(create_time,'%Y-%m-%d') = '2018-06-20'  [ RunTime:0.0070s ]
SQL: SELECT `userid` FROM `tbl_playerinfo` WHERE DATE_FORMAT(create_time,'%Y-%m-%d') = '2018-06-19'  [ RunTime:0.0070s ]
SQL: SELECT `userid` FROM `tbl_playerinfo` WHERE DATE_FORMAT(create_time,'%Y-%m-%d') = '2018-06-18'  [ RunTime:0.0070s ]
SQL: SELECT `userid` FROM `tbl_playerinfo` WHERE DATE_FORMAT(create_time,'%Y-%m-%d') = '2018-06-17'  [ RunTime:0.0080s ]
SQL: SELECT `userid` FROM `tbl_playerinfo` WHERE DATE_FORMAT(create_time,'%Y-%m-%d') = '2018-06-16'  [ RunTime:0.0070s ]
SQL: SELECT `userid` FROM `tbl_playerinfo` WHERE DATE_FORMAT(create_time,'%Y-%m-%d') = '2018-06-15'  [ RunTime:0.0070s ]
SQL: SELECT `userid` FROM `tbl_playerinfo` WHERE DATE_FORMAT(create_time,'%Y-%m-%d') = '2018-06-14'  [ RunTime:0.0070s ]
SQL: SELECT `userid` FROM `tbl_playerinfo` WHERE DATE_FORMAT(create_time,'%Y-%m-%d') = '2018-06-13'  [ RunTime:0.0080s ]
SQL: SELECT `userid` FROM `tbl_playerinfo` WHERE DATE_FORMAT(create_time,'%Y-%m-%d') = '2018-06-12'  [ RunTime:0.0070s ]
SQL: SELECT `userid` FROM `tbl_playerinfo` WHERE DATE_FORMAT(create_time,'%Y-%m-%d') = '2018-06-11'  [ RunTime:0.0070s ]
SQL: SELECT `userid` FROM `tbl_playerinfo` WHERE DATE_FORMAT(create_time,'%Y-%m-%d') = '2018-06-10'  [ RunTime:0.0070s ]
SQL: SELECT `userid` FROM `tbl_playerinfo` WHERE DATE_FORMAT(create_time,'%Y-%m-%d') = '2018-06-09'  [ RunTime:0.0070s ]
SQL: SELECT `userid` FROM `tbl_playerinfo` WHERE DATE_FORMAT(create_time,'%Y-%m-%d') = '2018-06-08'  [ RunTime:0.0070s ]
SQL: SELECT `userid` FROM `tbl_playerinfo` WHERE DATE_FORMAT(create_time,'%Y-%m-%d') = '2018-06-07'  [ RunTime:0.0080s ]
SQL: SELECT `userid` FROM `tbl_playerinfo` WHERE DATE_FORMAT(create_time,'%Y-%m-%d') = '2018-06-06'  [ RunTime:0.0080s ]
SQL: SELECT `userid` FROM `tbl_playerinfo` WHERE DATE_FORMAT(create_time,'%Y-%m-%d') = '2018-06-05'  [ RunTime:0.0070s ]
SQL: SELECT `userid` FROM `tbl_playerinfo` WHERE DATE_FORMAT(create_time,'%Y-%m-%d') = '2018-06-04'  [ RunTime:0.0070s ]
SQL: SELECT `userid` FROM `tbl_playerinfo` WHERE DATE_FORMAT(create_time,'%Y-%m-%d') = '2018-06-03'  [ RunTime:0.0070s ]
SQL: SELECT `userid` FROM `tbl_playerinfo` WHERE DATE_FORMAT(create_time,'%Y-%m-%d') = '2018-06-02'  [ RunTime:0.0070s ]
SQL: SELECT `userid` FROM `tbl_playerinfo` WHERE DATE_FORMAT(create_time,'%Y-%m-%d') = '2018-06-01'  [ RunTime:0.0080s ]
SQL: SELECT `userid` FROM `tbl_playerinfo` WHERE DATE_FORMAT(create_time,'%Y-%m-%d') = '2018-05-31'  [ RunTime:0.0080s ]
SQL: SELECT `userid` FROM `tbl_playerinfo` WHERE DATE_FORMAT(create_time,'%Y-%m-%d') = '2018-05-30'  [ RunTime:0.0080s ]
SQL: SELECT `userid` FROM `tbl_playerinfo` WHERE DATE_FORMAT(create_time,'%Y-%m-%d') = '2018-05-29'  [ RunTime:0.0080s ]
SQL: SELECT `userid` FROM `tbl_playerinfo` WHERE DATE_FORMAT(create_time,'%Y-%m-%d') = '2018-05-28'  [ RunTime:0.0080s ]
SQL: SELECT `userid` FROM `tbl_playerinfo` WHERE DATE_FORMAT(create_time,'%Y-%m-%d') = '2018-05-27'  [ RunTime:0.0070s ]
SQL: SELECT `userid` FROM `tbl_playerinfo` WHERE DATE_FORMAT(create_time,'%Y-%m-%d') = '2018-05-26'  [ RunTime:0.0070s ]
SQL: SELECT `userid` FROM `tbl_playerinfo` WHERE DATE_FORMAT(create_time,'%Y-%m-%d') = '2018-05-25'  [ RunTime:0.0090s ]
SQL: SELECT `userid` FROM `tbl_playerinfo` WHERE DATE_FORMAT(create_time,'%Y-%m-%d') = '2018-05-24'  [ RunTime:0.0100s ]
SQL: SELECT `userid` FROM `tbl_playerinfo` WHERE DATE_FORMAT(create_time,'%Y-%m-%d') = '2018-05-23'  [ RunTime:0.0090s ]
SQL: SELECT `userid` FROM `tbl_playerinfo` WHERE DATE_FORMAT(create_time,'%Y-%m-%d') = '2018-05-22'  [ RunTime:0.0080s ]
SQL: SELECT `userid` FROM `tbl_playerinfo` WHERE DATE_FORMAT(create_time,'%Y-%m-%d') = '2018-05-21'  [ RunTime:0.0090s ]
SQL: SELECT `userid` FROM `tbl_playerinfo` WHERE DATE_FORMAT(create_time,'%Y-%m-%d') = '2018-05-20'  [ RunTime:0.0080s ]
SQL: SELECT `userid` FROM `tbl_playerinfo` WHERE DATE_FORMAT(create_time,'%Y-%m-%d') = '2018-05-19'  [ RunTime:0.0070s ]
SQL: SELECT `userid` FROM `tbl_playerinfo` WHERE DATE_FORMAT(create_time,'%Y-%m-%d') = '2018-05-18'  [ RunTime:0.0090s ]
SQL: SELECT `userid` FROM `tbl_playerinfo` WHERE DATE_FORMAT(create_time,'%Y-%m-%d') = '2018-05-17'  [ RunTime:0.0090s ]
SQL: SELECT `userid` FROM `tbl_playerinfo` WHERE DATE_FORMAT(create_time,'%Y-%m-%d') = '2018-05-16'  [ RunTime:0.0090s ]
SQL: SELECT `userid` FROM `tbl_playerinfo` WHERE DATE_FORMAT(create_time,'%Y-%m-%d') = '2018-05-15'  [ RunTime:0.0070s ]
SQL: SELECT `userid` FROM `tbl_playerinfo` WHERE DATE_FORMAT(create_time,'%Y-%m-%d') = '2018-05-14'  [ RunTime:0.0080s ]
SQL: SELECT `userid` FROM `tbl_playerinfo` WHERE DATE_FORMAT(create_time,'%Y-%m-%d') = '2018-05-13'  [ RunTime:0.0080s ]
SQL: SELECT `userid` FROM `tbl_playerinfo` WHERE DATE_FORMAT(create_time,'%Y-%m-%d') = '2018-05-12'  [ RunTime:0.0070s ]
SQL: SELECT `userid` FROM `tbl_playerinfo` WHERE DATE_FORMAT(create_time,'%Y-%m-%d') = '2018-05-11'  [ RunTime:0.0070s ]
SQL: SELECT `userid` FROM `tbl_playerinfo` WHERE DATE_FORMAT(create_time,'%Y-%m-%d') = '2018-05-10'  [ RunTime:0.0070s ]
SQL: SELECT `userid` FROM `tbl_playerinfo` WHERE DATE_FORMAT(create_time,'%Y-%m-%d') = '2018-05-09'  [ RunTime:0.0070s ]
SQL: SELECT `userid` FROM `tbl_playerinfo` WHERE DATE_FORMAT(create_time,'%Y-%m-%d') = '2018-05-08'  [ RunTime:0.0080s ]
SQL: SELECT `userid` FROM `tbl_playerinfo` WHERE DATE_FORMAT(create_time,'%Y-%m-%d') = '2018-05-07'  [ RunTime:0.0070s ]
SQL: SELECT `userid` FROM `tbl_playerinfo` WHERE DATE_FORMAT(create_time,'%Y-%m-%d') = '2018-05-06'  [ RunTime:0.0070s ]
SQL: SELECT `userid` FROM `tbl_playerinfo` WHERE DATE_FORMAT(create_time,'%Y-%m-%d') = '2018-05-05'  [ RunTime:0.0070s ]
SQL: SELECT `userid` FROM `tbl_playerinfo` WHERE DATE_FORMAT(create_time,'%Y-%m-%d') = '2018-05-04'  [ RunTime:0.0070s ]
SQL: SELECT `userid` FROM `tbl_playerinfo` WHERE DATE_FORMAT(create_time,'%Y-%m-%d') = '2018-05-03'  [ RunTime:0.0080s ]
SQL: SELECT `userid` FROM `tbl_playerinfo` WHERE DATE_FORMAT(create_time,'%Y-%m-%d') = '2018-05-02'  [ RunTime:0.0070s ]
SQL: SELECT `userid` FROM `tbl_playerinfo` WHERE DATE_FORMAT(create_time,'%Y-%m-%d') = '2018-05-01'  [ RunTime:0.0070s ]
SQL: SHOW COLUMNS FROM `table_game_change_gold` [ RunTime:0.0010s ]
SQL: SELECT DISTINCT user_id FROM `table_game_change_gold` WHERE DATE_FORMAT(change_time,'%Y-%m-%d') = '2018-07-30'  [ RunTime:0.0060s ]
SQL: SELECT DISTINCT user_id FROM `table_game_change_gold` WHERE DATE_FORMAT(change_time,'%Y-%m-%d') = '2018-07-29'  [ RunTime:0.0050s ]
SQL: SELECT DISTINCT user_id FROM `table_game_change_gold` WHERE DATE_FORMAT(change_time,'%Y-%m-%d') = '2018-07-28'  [ RunTime:0.0050s ]
SQL: SELECT DISTINCT user_id FROM `table_game_change_gold` WHERE DATE_FORMAT(change_time,'%Y-%m-%d') = '2018-07-27'  [ RunTime:0.0050s ]
SQL: SELECT DISTINCT user_id FROM `table_game_change_gold` WHERE DATE_FORMAT(change_time,'%Y-%m-%d') = '2018-07-26'  [ RunTime:0.0050s ]
SQL: SELECT DISTINCT user_id FROM `table_game_change_gold` WHERE DATE_FORMAT(change_time,'%Y-%m-%d') = '2018-07-25'  [ RunTime:0.0050s ]
SQL: SELECT DISTINCT user_id FROM `table_game_change_gold` WHERE DATE_FORMAT(change_time,'%Y-%m-%d') = '2018-07-24'  [ RunTime:0.0050s ]
SQL: SELECT DISTINCT user_id FROM `table_game_change_gold` WHERE DATE_FORMAT(change_time,'%Y-%m-%d') = '2018-07-23'  [ RunTime:0.0050s ]
SQL: SELECT DISTINCT user_id FROM `table_game_change_gold` WHERE DATE_FORMAT(change_time,'%Y-%m-%d') = '2018-07-22'  [ RunTime:0.0050s ]
SQL: SELECT DISTINCT user_id FROM `table_game_change_gold` WHERE DATE_FORMAT(change_time,'%Y-%m-%d') = '2018-07-21'  [ RunTime:0.0060s ]
SQL: SELECT DISTINCT user_id FROM `table_game_change_gold` WHERE DATE_FORMAT(change_time,'%Y-%m-%d') = '2018-07-20'  [ RunTime:0.0060s ]
SQL: SELECT DISTINCT user_id FROM `table_game_change_gold` WHERE DATE_FORMAT(change_time,'%Y-%m-%d') = '2018-07-19'  [ RunTime:0.0050s ]
SQL: SELECT DISTINCT user_id FROM `table_game_change_gold` WHERE DATE_FORMAT(change_time,'%Y-%m-%d') = '2018-07-18'  [ RunTime:0.0050s ]
SQL: SELECT DISTINCT user_id FROM `table_game_change_gold` WHERE DATE_FORMAT(change_time,'%Y-%m-%d') = '2018-07-17'  [ RunTime:0.0050s ]
SQL: SELECT DISTINCT user_id FROM `table_game_change_gold` WHERE DATE_FORMAT(change_time,'%Y-%m-%d') = '2018-07-16'  [ RunTime:0.0050s ]
SQL: SELECT DISTINCT user_id FROM `table_game_change_gold` WHERE DATE_FORMAT(change_time,'%Y-%m-%d') = '2018-07-15'  [ RunTime:0.0060s ]
SQL: SELECT DISTINCT user_id FROM `table_game_change_gold` WHERE DATE_FORMAT(change_time,'%Y-%m-%d') = '2018-07-14'  [ RunTime:0.0050s ]
SQL: SELECT DISTINCT user_id FROM `table_game_change_gold` WHERE DATE_FORMAT(change_time,'%Y-%m-%d') = '2018-07-13'  [ RunTime:0.0050s ]
SQL: SELECT DISTINCT user_id FROM `table_game_change_gold` WHERE DATE_FORMAT(change_time,'%Y-%m-%d') = '2018-07-12'  [ RunTime:0.0060s ]
SQL: SELECT DISTINCT user_id FROM `table_game_change_gold` WHERE DATE_FORMAT(change_time,'%Y-%m-%d') = '2018-07-11'  [ RunTime:0.0050s ]
SQL: SELECT DISTINCT user_id FROM `table_game_change_gold` WHERE DATE_FORMAT(change_time,'%Y-%m-%d') = '2018-07-10'  [ RunTime:0.0050s ]
SQL: SELECT DISTINCT user_id FROM `table_game_change_gold` WHERE DATE_FORMAT(change_time,'%Y-%m-%d') = '2018-07-09'  [ RunTime:0.0050s ]
SQL: SELECT DISTINCT user_id FROM `table_game_change_gold` WHERE DATE_FORMAT(change_time,'%Y-%m-%d') = '2018-07-08'  [ RunTime:0.0060s ]
SQL: SELECT DISTINCT user_id FROM `table_game_change_gold` WHERE DATE_FORMAT(change_time,'%Y-%m-%d') = '2018-07-07'  [ RunTime:0.0060s ]
SQL: SELECT DISTINCT user_id FROM `table_game_change_gold` WHERE DATE_FORMAT(change_time,'%Y-%m-%d') = '2018-07-06'  [ RunTime:0.0050s ]
SQL: SELECT DISTINCT user_id FROM `table_game_change_gold` WHERE DATE_FORMAT(change_time,'%Y-%m-%d') = '2018-07-05'  [ RunTime:0.0050s ]
SQL: SELECT DISTINCT user_id FROM `table_game_change_gold` WHERE DATE_FORMAT(change_time,'%Y-%m-%d') = '2018-07-04'  [ RunTime:0.0060s ]
SQL: SELECT DISTINCT user_id FROM `table_game_change_gold` WHERE DATE_FORMAT(change_time,'%Y-%m-%d') = '2018-07-03'  [ RunTime:0.0050s ]
SQL: SELECT DISTINCT user_id FROM `table_game_change_gold` WHERE DATE_FORMAT(change_time,'%Y-%m-%d') = '2018-07-02'  [ RunTime:0.0060s ]
SQL: SELECT DISTINCT user_id FROM `table_game_change_gold` WHERE DATE_FORMAT(change_time,'%Y-%m-%d') = '2018-07-01'  [ RunTime:0.0060s ]
SQL: SELECT DISTINCT user_id FROM `table_game_change_gold` WHERE DATE_FORMAT(change_time,'%Y-%m-%d') = '2018-06-30'  [ RunTime:0.0050s ]
SQL: SELECT DISTINCT user_id FROM `table_game_change_gold` WHERE DATE_FORMAT(change_time,'%Y-%m-%d') = '2018-06-29'  [ RunTime:0.0050s ]
SQL: SELECT DISTINCT user_id FROM `table_game_change_gold` WHERE DATE_FORMAT(change_time,'%Y-%m-%d') = '2018-06-28'  [ RunTime:0.0050s ]
SQL: SELECT DISTINCT user_id FROM `table_game_change_gold` WHERE DATE_FORMAT(change_time,'%Y-%m-%d') = '2018-06-27'  [ RunTime:0.0060s ]
SQL: SELECT DISTINCT user_id FROM `table_game_change_gold` WHERE DATE_FORMAT(change_time,'%Y-%m-%d') = '2018-06-26'  [ RunTime:0.0060s ]
SQL: SELECT DISTINCT user_id FROM `table_game_change_gold` WHERE DATE_FORMAT(change_time,'%Y-%m-%d') = '2018-06-25'  [ RunTime:0.0050s ]
SQL: SELECT DISTINCT user_id FROM `table_game_change_gold` WHERE DATE_FORMAT(change_time,'%Y-%m-%d') = '2018-06-24'  [ RunTime:0.0050s ]
SQL: SELECT DISTINCT user_id FROM `table_game_change_gold` WHERE DATE_FORMAT(change_time,'%Y-%m-%d') = '2018-06-23'  [ RunTime:0.0060s ]
SQL: SELECT DISTINCT user_id FROM `table_game_change_gold` WHERE DATE_FORMAT(change_time,'%Y-%m-%d') = '2018-06-22'  [ RunTime:0.0060s ]
SQL: SELECT DISTINCT user_id FROM `table_game_change_gold` WHERE DATE_FORMAT(change_time,'%Y-%m-%d') = '2018-06-21'  [ RunTime:0.0060s ]
SQL: SELECT DISTINCT user_id FROM `table_game_change_gold` WHERE DATE_FORMAT(change_time,'%Y-%m-%d') = '2018-06-20'  [ RunTime:0.0050s ]
SQL: SELECT DISTINCT user_id FROM `table_game_change_gold` WHERE DATE_FORMAT(change_time,'%Y-%m-%d') = '2018-06-19'  [ RunTime:0.0050s ]
SQL: SELECT DISTINCT user_id FROM `table_game_change_gold` WHERE DATE_FORMAT(change_time,'%Y-%m-%d') = '2018-06-18'  [ RunTime:0.0050s ]
SQL: SELECT DISTINCT user_id FROM `table_game_change_gold` WHERE DATE_FORMAT(change_time,'%Y-%m-%d') = '2018-06-17'  [ RunTime:0.0050s ]
SQL: SELECT DISTINCT user_id FROM `table_game_change_gold` WHERE DATE_FORMAT(change_time,'%Y-%m-%d') = '2018-06-16'  [ RunTime:0.0050s ]
SQL: SELECT DISTINCT user_id FROM `table_game_change_gold` WHERE DATE_FORMAT(change_time,'%Y-%m-%d') = '2018-06-15'  [ RunTime:0.0060s ]
SQL: SELECT DISTINCT user_id FROM `table_game_change_gold` WHERE DATE_FORMAT(change_time,'%Y-%m-%d') = '2018-06-14'  [ RunTime:0.0060s ]
SQL: SELECT DISTINCT user_id FROM `table_game_change_gold` WHERE DATE_FORMAT(change_time,'%Y-%m-%d') = '2018-06-13'  [ RunTime:0.0060s ]
SQL: SELECT DISTINCT user_id FROM `table_game_change_gold` WHERE DATE_FORMAT(change_time,'%Y-%m-%d') = '2018-06-12'  [ RunTime:0.0050s ]
SQL: SELECT DISTINCT user_id FROM `table_game_change_gold` WHERE DATE_FORMAT(change_time,'%Y-%m-%d') = '2018-06-11'  [ RunTime:0.0050s ]
SQL: SELECT DISTINCT user_id FROM `table_game_change_gold` WHERE DATE_FORMAT(change_time,'%Y-%m-%d') = '2018-06-10'  [ RunTime:0.0050s ]
SQL: SELECT DISTINCT user_id FROM `table_game_change_gold` WHERE DATE_FORMAT(change_time,'%Y-%m-%d') = '2018-06-09'  [ RunTime:0.0060s ]
SQL: SELECT DISTINCT user_id FROM `table_game_change_gold` WHERE DATE_FORMAT(change_time,'%Y-%m-%d') = '2018-06-08'  [ RunTime:0.0060s ]
SQL: SELECT DISTINCT user_id FROM `table_game_change_gold` WHERE DATE_FORMAT(change_time,'%Y-%m-%d') = '2018-06-07'  [ RunTime:0.0060s ]
SQL: SELECT DISTINCT user_id FROM `table_game_change_gold` WHERE DATE_FORMAT(change_time,'%Y-%m-%d') = '2018-06-06'  [ RunTime:0.0060s ]
SQL: SELECT DISTINCT user_id FROM `table_game_change_gold` WHERE DATE_FORMAT(change_time,'%Y-%m-%d') = '2018-06-05'  [ RunTime:0.0060s ]
SQL: SELECT DISTINCT user_id FROM `table_game_change_gold` WHERE DATE_FORMAT(change_time,'%Y-%m-%d') = '2018-06-04'  [ RunTime:0.0060s ]
SQL: SELECT DISTINCT user_id FROM `table_game_change_gold` WHERE DATE_FORMAT(change_time,'%Y-%m-%d') = '2018-06-03'  [ RunTime:0.0060s ]
SQL: SELECT DISTINCT user_id FROM `table_game_change_gold` WHERE DATE_FORMAT(change_time,'%Y-%m-%d') = '2018-06-02'  [ RunTime:0.0060s ]
SQL: SELECT DISTINCT user_id FROM `table_game_change_gold` WHERE DATE_FORMAT(change_time,'%Y-%m-%d') = '2018-06-01'  [ RunTime:0.0050s ]
SQL: SELECT DISTINCT user_id FROM `table_game_change_gold` WHERE DATE_FORMAT(change_time,'%Y-%m-%d') = '2018-05-31'  [ RunTime:0.0060s ]
SQL: SELECT DISTINCT user_id FROM `table_game_change_gold` WHERE DATE_FORMAT(change_time,'%Y-%m-%d') = '2018-05-30'  [ RunTime:0.0060s ]
SQL: SELECT DISTINCT user_id FROM `table_game_change_gold` WHERE DATE_FORMAT(change_time,'%Y-%m-%d') = '2018-05-29'  [ RunTime:0.0060s ]
SQL: SELECT DISTINCT user_id FROM `table_game_change_gold` WHERE DATE_FORMAT(change_time,'%Y-%m-%d') = '2018-05-28'  [ RunTime:0.0060s ]
SQL: SELECT DISTINCT user_id FROM `table_game_change_gold` WHERE DATE_FORMAT(change_time,'%Y-%m-%d') = '2018-05-27'  [ RunTime:0.0060s ]
SQL: SELECT DISTINCT user_id FROM `table_game_change_gold` WHERE DATE_FORMAT(change_time,'%Y-%m-%d') = '2018-05-26'  [ RunTime:0.0050s ]
SQL: SELECT DISTINCT user_id FROM `table_game_change_gold` WHERE DATE_FORMAT(change_time,'%Y-%m-%d') = '2018-05-25'  [ RunTime:0.0060s ]
SQL: SELECT DISTINCT user_id FROM `table_game_change_gold` WHERE DATE_FORMAT(change_time,'%Y-%m-%d') = '2018-05-24'  [ RunTime:0.0060s ]
SQL: SELECT DISTINCT user_id FROM `table_game_change_gold` WHERE DATE_FORMAT(change_time,'%Y-%m-%d') = '2018-05-23'  [ RunTime:0.0060s ]
SQL: SELECT DISTINCT user_id FROM `table_game_change_gold` WHERE DATE_FORMAT(change_time,'%Y-%m-%d') = '2018-05-22'  [ RunTime:0.0060s ]
SQL: SELECT DISTINCT user_id FROM `table_game_change_gold` WHERE DATE_FORMAT(change_time,'%Y-%m-%d') = '2018-05-21'  [ RunTime:0.0060s ]
SQL: SELECT DISTINCT user_id FROM `table_game_change_gold` WHERE DATE_FORMAT(change_time,'%Y-%m-%d') = '2018-05-20'  [ RunTime:0.0050s ]
SQL: SELECT DISTINCT user_id FROM `table_game_change_gold` WHERE DATE_FORMAT(change_time,'%Y-%m-%d') = '2018-05-19'  [ RunTime:0.0050s ]
SQL: SELECT DISTINCT user_id FROM `table_game_change_gold` WHERE DATE_FORMAT(change_time,'%Y-%m-%d') = '2018-05-18'  [ RunTime:0.0060s ]
SQL: SELECT DISTINCT user_id FROM `table_game_change_gold` WHERE DATE_FORMAT(change_time,'%Y-%m-%d') = '2018-05-17'  [ RunTime:0.0050s ]
SQL: SELECT DISTINCT user_id FROM `table_game_change_gold` WHERE DATE_FORMAT(change_time,'%Y-%m-%d') = '2018-05-16'  [ RunTime:0.0060s ]
SQL: SELECT DISTINCT user_id FROM `table_game_change_gold` WHERE DATE_FORMAT(change_time,'%Y-%m-%d') = '2018-05-15'  [ RunTime:0.0060s ]
SQL: SELECT DISTINCT user_id FROM `table_game_change_gold` WHERE DATE_FORMAT(change_time,'%Y-%m-%d') = '2018-05-14'  [ RunTime:0.0060s ]
SQL: SELECT DISTINCT user_id FROM `table_game_change_gold` WHERE DATE_FORMAT(change_time,'%Y-%m-%d') = '2018-05-13'  [ RunTime:0.0050s ]
SQL: SELECT DISTINCT user_id FROM `table_game_change_gold` WHERE DATE_FORMAT(change_time,'%Y-%m-%d') = '2018-05-12'  [ RunTime:0.0060s ]
SQL: SELECT DISTINCT user_id FROM `table_game_change_gold` WHERE DATE_FORMAT(change_time,'%Y-%m-%d') = '2018-05-11'  [ RunTime:0.0050s ]
SQL: SELECT DISTINCT user_id FROM `table_game_change_gold` WHERE DATE_FORMAT(change_time,'%Y-%m-%d') = '2018-05-10'  [ RunTime:0.0050s ]
SQL: SELECT DISTINCT user_id FROM `table_game_change_gold` WHERE DATE_FORMAT(change_time,'%Y-%m-%d') = '2018-05-09'  [ RunTime:0.0060s ]
SQL: SELECT DISTINCT user_id FROM `table_game_change_gold` WHERE DATE_FORMAT(change_time,'%Y-%m-%d') = '2018-05-08'  [ RunTime:0.0060s ]
SQL: SELECT DISTINCT user_id FROM `table_game_change_gold` WHERE DATE_FORMAT(change_time,'%Y-%m-%d') = '2018-05-07'  [ RunTime:0.0060s ]
SQL: SELECT DISTINCT user_id FROM `table_game_change_gold` WHERE DATE_FORMAT(change_time,'%Y-%m-%d') = '2018-05-06'  [ RunTime:0.0050s ]
SQL: SELECT DISTINCT user_id FROM `table_game_change_gold` WHERE DATE_FORMAT(change_time,'%Y-%m-%d') = '2018-05-05'  [ RunTime:0.0060s ]
SQL: SELECT DISTINCT user_id FROM `table_game_change_gold` WHERE DATE_FORMAT(change_time,'%Y-%m-%d') = '2018-05-04'  [ RunTime:0.0060s ]
SQL: SELECT DISTINCT user_id FROM `table_game_change_gold` WHERE DATE_FORMAT(change_time,'%Y-%m-%d') = '2018-05-03'  [ RunTime:0.0060s ]
SQL: SELECT DISTINCT user_id FROM `table_game_change_gold` WHERE DATE_FORMAT(change_time,'%Y-%m-%d') = '2018-05-02'  [ RunTime:0.0050s ]
SQL: SELECT DISTINCT user_id FROM `table_game_change_gold` WHERE DATE_FORMAT(change_time,'%Y-%m-%d') = '2018-05-01'  [ RunTime:0.0060s ]
NOTIC: [8] Undefined index: 2018-04-30 C:\wamp\www\Application\qpht\Model\Game_change_goldModel.class.php 第 35 行.
NOTIC: [2] Invalid argument supplied for foreach() C:\wamp\www\Application\qpht\Model\Game_change_goldModel.class.php 第 37 行.

[ 2018-06-11T10:25:08+08:00 ] ::1 /qpht.php
INFO: [ app_init ] --START--
INFO: Run Behavior\BuildLiteBehavior [ RunTime:0.000000s ]
INFO: [ app_init ] --END-- [ RunTime:0.000000s ]
INFO: [ app_begin ] --START--
INFO: Run Behavior\ReadHtmlCacheBehavior [ RunTime:0.001000s ]
INFO: [ app_begin ] --END-- [ RunTime:0.001000s ]
SQL: SHOW COLUMNS FROM `qp_role` [ RunTime:0.0070s ]
SQL: SELECT `jurisdiction` FROM `qp_role` WHERE `id` = 4 LIMIT 1   [ RunTime:0.0000s ]
SQL: SHOW COLUMNS FROM `qp_module` [ RunTime:0.0060s ]
SQL: SHOW COLUMNS FROM `qp_menu` [ RunTime:0.0060s ]
SQL: SELECT `id` FROM `qp_menu` WHERE `menurl` = '/index/index' LIMIT 1   [ RunTime:0.0000s ]
SQL: SELECT * FROM `qp_module` ORDER BY sortnum LIMIT 10   [ RunTime:0.0000s ]
SQL: SELECT * FROM `qp_menu` LIMIT 50   [ RunTime:0.0000s ]
SQL: SHOW COLUMNS FROM `qp_gameinfo` [ RunTime:0.0070s ]
SQL: SELECT * FROM `qp_gameinfo` WHERE ( state=1 )  [ RunTime:0.0000s ]
SQL: SHOW COLUMNS FROM `qp_gamemain` [ RunTime:0.0060s ]
SQL: SELECT * FROM `qp_gameinfo` WHERE ( state=1 )  [ RunTime:0.0000s ]
SQL: SELECT `countime` FROM `qp_gamemain` WHERE ( gameid=1 ) ORDER BY countime desc LIMIT 1   [ RunTime:0.0010s ]
SQL: SELECT `jurisdiction` FROM `qp_role` WHERE `id` = 4 LIMIT 1   [ RunTime:0.0000s ]
SQL: SELECT `id` FROM `qp_menu` WHERE `menurl` = '/index/index' LIMIT 1   [ RunTime:0.0000s ]
SQL: SELECT * FROM `qp_module` ORDER BY sortnum LIMIT 10   [ RunTime:0.0010s ]
SQL: SELECT * FROM `qp_menu` LIMIT 50   [ RunTime:0.0000s ]
SQL: SELECT * FROM `qp_gameinfo` WHERE ( state=1 )  [ RunTime:0.0000s ]
SQL: SELECT * FROM `qp_gameinfo` WHERE ( id=1 )  [ RunTime:0.0000s ]
SQL: SHOW COLUMNS FROM `tbl_playerinfo` [ RunTime:0.0020s ]
SQL: SELECT `create_time`,count('userid') FROM `tbl_playerinfo` WHERE `create_time` BETWEEN '2018-06-07' AND '2018-06-11' GROUP BY DATE_FORMAT(create_time,'%Y-%m-%d')  [ RunTime:0.0140s ]
SQL: SELECT `userid` FROM `tbl_playerinfo` WHERE DATE_FORMAT(create_time,'%Y-%m-%d') = '2018-06-10'  [ RunTime:0.0150s ]
SQL: SELECT `userid` FROM `tbl_playerinfo` WHERE DATE_FORMAT(create_time,'%Y-%m-%d') = '2018-06-09'  [ RunTime:0.0130s ]
SQL: SELECT `userid` FROM `tbl_playerinfo` WHERE DATE_FORMAT(create_time,'%Y-%m-%d') = '2018-06-08'  [ RunTime:0.0130s ]
SQL: SELECT `userid` FROM `tbl_playerinfo` WHERE DATE_FORMAT(create_time,'%Y-%m-%d') = '2018-06-07'  [ RunTime:0.0120s ]
SQL: SHOW COLUMNS FROM `table_game_change_gold` [ RunTime:0.0280s ]
SQL: SELECT DISTINCT user_id FROM `table_game_change_gold` WHERE DATE_FORMAT(change_time,'%Y-%m-%d') = '2018-06-10'  [ RunTime:0.0120s ]
SQL: SELECT DISTINCT user_id FROM `table_game_change_gold` WHERE DATE_FORMAT(change_time,'%Y-%m-%d') = '2018-06-09'  [ RunTime:0.0090s ]
SQL: SELECT DISTINCT user_id FROM `table_game_change_gold` WHERE DATE_FORMAT(change_time,'%Y-%m-%d') = '2018-06-08'  [ RunTime:0.0070s ]
SQL: SELECT DISTINCT user_id FROM `table_game_change_gold` WHERE DATE_FORMAT(change_time,'%Y-%m-%d') = '2018-06-07'  [ RunTime:0.0070s ]
NOTIC: [8] Undefined index: 2018-06-06 C:\wamp\www\Application\qpht\Model\Game_change_goldModel.class.php 第 35 行.
NOTIC: [2] Invalid argument supplied for foreach() C:\wamp\www\Application\qpht\Model\Game_change_goldModel.class.php 第 37 行.
SQL: SELECT count(DISTINCT user_id) FROM `table_game_change_gold` WHERE DATE_FORMAT(change_time,'%Y-%m-%d') = '2018-06-10' AND `user_id` > 1000  [ RunTime:0.0050s ]
SQL: SELECT count(DISTINCT user_id) FROM `table_game_change_gold` WHERE DATE_FORMAT(change_time,'%Y-%m-%d') = '2018-06-09' AND `user_id` > 1000  [ RunTime:0.0060s ]
SQL: SELECT count(DISTINCT user_id) FROM `table_game_change_gold` WHERE DATE_FORMAT(change_time,'%Y-%m-%d') = '2018-06-08' AND `user_id` > 1000  [ RunTime:0.0060s ]
SQL: SELECT count(DISTINCT user_id) FROM `table_game_change_gold` WHERE DATE_FORMAT(change_time,'%Y-%m-%d') = '2018-06-07' AND `user_id` > 1000  [ RunTime:0.0060s ]
SQL: select DATE_FORMAT(change_time,'%Y-%m-%d') days,count(user_id),count(DISTINCT user_id) from table_game_change_gold where user_id>1000 and DATE_FORMAT(change_time,'%Y-%m-%d') ='2018-06-10' [ RunTime:0.0050s ]
SQL: select DATE_FORMAT(change_time,'%Y-%m-%d') days,count(user_id),count(DISTINCT user_id) from table_game_change_gold where user_id>1000 and DATE_FORMAT(change_time,'%Y-%m-%d') ='2018-06-09' [ RunTime:0.0050s ]
SQL: select DATE_FORMAT(change_time,'%Y-%m-%d') days,count(user_id),count(DISTINCT user_id) from table_game_change_gold where user_id>1000 and DATE_FORMAT(change_time,'%Y-%m-%d') ='2018-06-08' [ RunTime:0.0050s ]
SQL: select DATE_FORMAT(change_time,'%Y-%m-%d') days,count(user_id),count(DISTINCT user_id) from table_game_change_gold where user_id>1000 and DATE_FORMAT(change_time,'%Y-%m-%d') ='2018-06-07' [ RunTime:0.0050s ]
SQL: INSERT INTO `qp_gamemain` (`countime`,`newplayer`,`oldplayer`,`activeplayer`,`allplay`,`aveplay`,`gameid`) VALUES ('2018-06-10','0','0','0','0','0','1'),('2018-06-09','3','1','2','8','4','1'),('2018-06-08','193','1','147','570','4','1') [ RunTime:0.0350s ]
SQL: SELECT `countime` FROM `qp_gamemain` WHERE ( gameid=2 ) ORDER BY countime desc LIMIT 1   [ RunTime:0.0010s ]
SQL: SELECT `jurisdiction` FROM `qp_role` WHERE `id` = 4 LIMIT 1   [ RunTime:0.0000s ]
SQL: SELECT `id` FROM `qp_menu` WHERE `menurl` = '/index/index' LIMIT 1   [ RunTime:0.0000s ]
SQL: SELECT * FROM `qp_module` ORDER BY sortnum LIMIT 10   [ RunTime:0.0000s ]
SQL: SELECT * FROM `qp_menu` LIMIT 50   [ RunTime:0.0000s ]
SQL: SELECT * FROM `qp_gameinfo` WHERE ( state=1 )  [ RunTime:0.0010s ]
SQL: SELECT * FROM `qp_gameinfo` WHERE ( id=2 )  [ RunTime:0.0010s ]
SQL: SHOW COLUMNS FROM `tbl_playerinfo` [ RunTime:0.0070s ]
SQL: SELECT `create_time`,count('userid') FROM `tbl_playerinfo` WHERE `create_time` BETWEEN '2018-06-07' AND '2018-06-11' GROUP BY DATE_FORMAT(create_time,'%Y-%m-%d')  [ RunTime:0.0070s ]
SQL: SELECT `userid` FROM `tbl_playerinfo` WHERE DATE_FORMAT(create_time,'%Y-%m-%d') = '2018-06-10'  [ RunTime:0.0080s ]
SQL: SELECT `userid` FROM `tbl_playerinfo` WHERE DATE_FORMAT(create_time,'%Y-%m-%d') = '2018-06-09'  [ RunTime:0.0070s ]
SQL: SELECT `userid` FROM `tbl_playerinfo` WHERE DATE_FORMAT(create_time,'%Y-%m-%d') = '2018-06-08'  [ RunTime:0.0090s ]
SQL: SELECT `userid` FROM `tbl_playerinfo` WHERE DATE_FORMAT(create_time,'%Y-%m-%d') = '2018-06-07'  [ RunTime:0.0070s ]
SQL: SHOW COLUMNS FROM `table_game_change_gold` [ RunTime:0.0130s ]
SQL: SELECT DISTINCT user_id FROM `table_game_change_gold` WHERE DATE_FORMAT(change_time,'%Y-%m-%d') = '2018-06-10'  [ RunTime:0.0060s ]
SQL: SELECT DISTINCT user_id FROM `table_game_change_gold` WHERE DATE_FORMAT(change_time,'%Y-%m-%d') = '2018-06-09'  [ RunTime:0.0060s ]
SQL: SELECT DISTINCT user_id FROM `table_game_change_gold` WHERE DATE_FORMAT(change_time,'%Y-%m-%d') = '2018-06-08'  [ RunTime:0.0070s ]
SQL: SELECT DISTINCT user_id FROM `table_game_change_gold` WHERE DATE_FORMAT(change_time,'%Y-%m-%d') = '2018-06-07'  [ RunTime:0.0070s ]
NOTIC: [8] Undefined index: 2018-06-06 C:\wamp\www\Application\qpht\Model\Game_change_goldModel.class.php 第 35 行.
NOTIC: [2] Invalid argument supplied for foreach() C:\wamp\www\Application\qpht\Model\Game_change_goldModel.class.php 第 37 行.
SQL: SELECT count(DISTINCT user_id) FROM `table_game_change_gold` WHERE DATE_FORMAT(change_time,'%Y-%m-%d') = '2018-06-10' AND `user_id` > 1000  [ RunTime:0.0060s ]
SQL: SELECT count(DISTINCT user_id) FROM `table_game_change_gold` WHERE DATE_FORMAT(change_time,'%Y-%m-%d') = '2018-06-09' AND `user_id` > 1000  [ RunTime:0.0060s ]
SQL: SELECT count(DISTINCT user_id) FROM `table_game_change_gold` WHERE DATE_FORMAT(change_time,'%Y-%m-%d') = '2018-06-08' AND `user_id` > 1000  [ RunTime:0.0070s ]
SQL: SELECT count(DISTINCT user_id) FROM `table_game_change_gold` WHERE DATE_FORMAT(change_time,'%Y-%m-%d') = '2018-06-07' AND `user_id` > 1000  [ RunTime:0.0060s ]
SQL: select DATE_FORMAT(change_time,'%Y-%m-%d') days,count(user_id),count(DISTINCT user_id) from table_game_change_gold where user_id>1000 and DATE_FORMAT(change_time,'%Y-%m-%d') ='2018-06-10' [ RunTime:0.0050s ]
SQL: select DATE_FORMAT(change_time,'%Y-%m-%d') days,count(user_id),count(DISTINCT user_id) from table_game_change_gold where user_id>1000 and DATE_FORMAT(change_time,'%Y-%m-%d') ='2018-06-09' [ RunTime:0.0050s ]
SQL: select DATE_FORMAT(change_time,'%Y-%m-%d') days,count(user_id),count(DISTINCT user_id) from table_game_change_gold where user_id>1000 and DATE_FORMAT(change_time,'%Y-%m-%d') ='2018-06-08' [ RunTime:0.0050s ]
SQL: select DATE_FORMAT(change_time,'%Y-%m-%d') days,count(user_id),count(DISTINCT user_id) from table_game_change_gold where user_id>1000 and DATE_FORMAT(change_time,'%Y-%m-%d') ='2018-06-07' [ RunTime:0.0050s ]
SQL: INSERT INTO `qp_gamemain` (`countime`,`newplayer`,`oldplayer`,`activeplayer`,`allplay`,`aveplay`,`gameid`) VALUES ('2018-06-10','0','0','0','0','0','2'),('2018-06-09','3','1','2','8','4','2'),('2018-06-08','193','1','147','570','4','2') [ RunTime:0.0470s ]
SQL: SELECT * FROM `qp_gameinfo` WHERE ( state=1 )  [ RunTime:0.0000s ]
SQL: SELECT COUNT(*) AS tp_count FROM `qp_gamemain` WHERE ( gameid=1 ) LIMIT 1   [ RunTime:0.0010s ]
NOTIC: [8] Use of undefined constant PAGE_NUM - assumed 'PAGE_NUM' C:\wamp\www\Application\qpht\Model\GamemainModel.class.php 第 91 行.
NOTIC: [8] Use of undefined constant PAGE_NUM - assumed 'PAGE_NUM' C:\wamp\www\Application\qpht\Model\GamemainModel.class.php 第 92 行.
NOTIC: [8] Use of undefined constant PAGE_NUM - assumed 'PAGE_NUM' C:\wamp\www\Application\qpht\Model\GamemainModel.class.php 第 96 行.
NOTIC: [8] Use of undefined constant PAGE_NUM - assumed 'PAGE_NUM' C:\wamp\www\Application\qpht\Model\GamemainModel.class.php 第 96 行.
SQL: SELECT * FROM `qp_gamemain` WHERE ( gameid=1 ) ORDER BY countime desc LIMIT 0,20   [ RunTime:0.0010s ]
NOTIC: [2] Division by zero C:\wamp\www\Application\qpht\Model\GamemainModel.class.php 第 112 行.
NOTIC: [2] Division by zero C:\wamp\www\Application\qpht\Model\GamemainModel.class.php 第 112 行.
NOTIC: [2] Division by zero C:\wamp\www\Application\qpht\Model\GamemainModel.class.php 第 112 行.
NOTIC: [2] Division by zero C:\wamp\www\Application\qpht\Model\GamemainModel.class.php 第 112 行.
NOTIC: [8] Undefined offset: 20 C:\wamp\www\Application\qpht\Model\GamemainModel.class.php 第 99 行.
SQL: SELECT `newplayer` FROM `qp_gamemain` WHERE `countime` = '2018-05-21' AND ( gameid=1 )  [ RunTime:0.0000s ]
SQL: SELECT COUNT(*) AS tp_count FROM `qp_gamemain` WHERE ( gameid=2 ) LIMIT 1   [ RunTime:0.0000s ]
NOTIC: [8] Use of undefined constant PAGE_NUM - assumed 'PAGE_NUM' C:\wamp\www\Application\qpht\Model\GamemainModel.class.php 第 91 行.
NOTIC: [8] Use of undefined constant PAGE_NUM - assumed 'PAGE_NUM' C:\wamp\www\Application\qpht\Model\GamemainModel.class.php 第 92 行.
NOTIC: [8] Use of undefined constant PAGE_NUM - assumed 'PAGE_NUM' C:\wamp\www\Application\qpht\Model\GamemainModel.class.php 第 96 行.
NOTIC: [8] Use of undefined constant PAGE_NUM - assumed 'PAGE_NUM' C:\wamp\www\Application\qpht\Model\GamemainModel.class.php 第 96 行.
SQL: SELECT * FROM `qp_gamemain` WHERE ( gameid=2 ) ORDER BY countime desc LIMIT 0,20   [ RunTime:0.0010s ]
NOTIC: [2] Division by zero C:\wamp\www\Application\qpht\Model\GamemainModel.class.php 第 112 行.
NOTIC: [2] Division by zero C:\wamp\www\Application\qpht\Model\GamemainModel.class.php 第 112 行.
NOTIC: [2] Division by zero C:\wamp\www\Application\qpht\Model\GamemainModel.class.php 第 112 行.
NOTIC: [2] Division by zero C:\wamp\www\Application\qpht\Model\GamemainModel.class.php 第 112 行.
NOTIC: [8] Undefined offset: 20 C:\wamp\www\Application\qpht\Model\GamemainModel.class.php 第 99 行.
SQL: SELECT `newplayer` FROM `qp_gamemain` WHERE `countime` = '2018-05-21' AND ( gameid=2 )  [ RunTime:0.0000s ]
NOTIC: [2] Missing argument 1 for Think\Controller::show(), called in C:\wamp\www\Application\qpht\Controller\IndexController.class.php on line 24 and defined C:\wamp\www\ThinkPHP\Library\Think\Controller.class.php 第 68 行.
NOTIC: [8] Undefined variable: content C:\wamp\www\ThinkPHP\Library\Think\Controller.class.php 第 69 行.
INFO: [ view_parse ] --START--
INFO: [ template_filter ] --START--
INFO: Run Behavior\ContentReplaceBehavior [ RunTime:0.001000s ]
INFO: [ template_filter ] --END-- [ RunTime:0.001000s ]
NOTIC: [8] Undefined variable: actions C:\wamp\www\Runtime\Cache\qpht\d58da6f4db31771c17480fc019d566fe.php 第 115 行.
INFO: Run Behavior\ParseTemplateBehavior [ RunTime:0.026000s ]
INFO: [ view_parse ] --END-- [ RunTime:0.027000s ]
INFO: [ view_filter ] --START--
INFO: Run Behavior\WriteHtmlCacheBehavior [ RunTime:0.000000s ]
INFO: [ view_filter ] --END-- [ RunTime:0.000000s ]
INFO: [ app_end ] --START--
INFO: Run Behavior\ShowPageTraceBehavior [ RunTime:0.000000s ]
INFO: [ app_end ] --END-- [ RunTime:0.000000s ]

[ 2018-06-11T13:43:45+08:00 ] ::1 /qpht.php/index/menudata
INFO: [ app_init ] --START--
INFO: Run Behavior\BuildLiteBehavior [ RunTime:0.000000s ]
INFO: [ app_init ] --END-- [ RunTime:0.000000s ]
INFO: [ app_begin ] --START--
INFO: Run Behavior\ReadHtmlCacheBehavior [ RunTime:0.000000s ]
INFO: [ app_begin ] --END-- [ RunTime:0.001000s ]
INFO: [ app_end ] --START--
INFO: Run Behavior\ShowPageTraceBehavior [ RunTime:0.001000s ]
INFO: [ app_end ] --END-- [ RunTime:0.001000s ]

[ 2018-06-11T13:43:54+08:00 ] ::1 /qpht.php/index/index
INFO: [ app_init ] --START--
INFO: Run Behavior\BuildLiteBehavior [ RunTime:0.000000s ]
INFO: [ app_init ] --END-- [ RunTime:0.000000s ]
INFO: [ app_begin ] --START--
INFO: Run Behavior\ReadHtmlCacheBehavior [ RunTime:0.001000s ]
INFO: [ app_begin ] --END-- [ RunTime:0.001000s ]
SQL: SHOW COLUMNS FROM `qp_role` [ RunTime:0.0030s ]
SQL: SELECT `jurisdiction` FROM `qp_role` WHERE `id` = 4 LIMIT 1   [ RunTime:0.0000s ]
SQL: SHOW COLUMNS FROM `qp_module` [ RunTime:0.0030s ]
SQL: SHOW COLUMNS FROM `qp_menu` [ RunTime:0.0030s ]
SQL: SELECT `id` FROM `qp_menu` WHERE `menurl` = '/index/index' LIMIT 1   [ RunTime:0.0010s ]
SQL: SELECT * FROM `qp_module` ORDER BY sortnum LIMIT 10   [ RunTime:0.0000s ]
SQL: SELECT * FROM `qp_menu` LIMIT 50   [ RunTime:0.0000s ]
SQL: SHOW COLUMNS FROM `qp_gameinfo` [ RunTime:0.0020s ]
SQL: SELECT * FROM `qp_gameinfo` WHERE ( state=1 )  [ RunTime:0.0000s ]
SQL: SHOW COLUMNS FROM `qp_gamemain` [ RunTime:0.0040s ]
SQL: SELECT * FROM `qp_gameinfo` WHERE ( state=1 )  [ RunTime:0.0010s ]
SQL: SELECT `countime` FROM `qp_gamemain` WHERE ( gameid=1 ) ORDER BY countime desc LIMIT 1   [ RunTime:0.0010s ]
SQL: SELECT `jurisdiction` FROM `qp_role` WHERE `id` = 4 LIMIT 1   [ RunTime:0.0010s ]
SQL: SELECT `id` FROM `qp_menu` WHERE `menurl` = '/index/index' LIMIT 1   [ RunTime:0.0000s ]
SQL: SELECT * FROM `qp_module` ORDER BY sortnum LIMIT 10   [ RunTime:0.0000s ]
SQL: SELECT * FROM `qp_menu` LIMIT 50   [ RunTime:0.0010s ]
SQL: SELECT * FROM `qp_gameinfo` WHERE ( state=1 )  [ RunTime:0.0010s ]
SQL: SELECT * FROM `qp_gameinfo` WHERE ( id=1 )  [ RunTime:0.0010s ]
SQL: SHOW COLUMNS FROM `tbl_playerinfo` [ RunTime:0.0020s ]
SQL: SELECT `create_time`,count('userid') FROM `tbl_playerinfo` WHERE `create_time` BETWEEN '2018-06-10' AND '2018-06-11' GROUP BY DATE_FORMAT(create_time,'%Y-%m-%d')  [ RunTime:0.0180s ]
SQL: SELECT `userid` FROM `tbl_playerinfo` WHERE DATE_FORMAT(create_time,'%Y-%m-%d') = '2018-06-10'  [ RunTime:0.0200s ]
SQL: SHOW COLUMNS FROM `table_game_change_gold` [ RunTime:0.0140s ]
SQL: SELECT DISTINCT user_id FROM `table_game_change_gold` WHERE DATE_FORMAT(change_time,'%Y-%m-%d') = '2018-06-10'  [ RunTime:0.0120s ]
NOTIC: [8] Undefined index: 2018-06-09 C:\wamp\www\Application\qpht\Model\Game_change_goldModel.class.php 第 35 行.
NOTIC: [2] Invalid argument supplied for foreach() C:\wamp\www\Application\qpht\Model\Game_change_goldModel.class.php 第 37 行.
SQL: SELECT count(DISTINCT user_id) FROM `table_game_change_gold` WHERE DATE_FORMAT(change_time,'%Y-%m-%d') = '2018-06-10' AND `user_id` > 1000  [ RunTime:0.0110s ]
SQL: select DATE_FORMAT(change_time,'%Y-%m-%d') days,count(user_id),count(DISTINCT user_id) from table_game_change_gold where user_id>1000 and DATE_FORMAT(change_time,'%Y-%m-%d') ='2018-06-10' [ RunTime:0.0100s ]
SQL: SELECT `countime` FROM `qp_gamemain` WHERE ( gameid=2 ) ORDER BY countime desc LIMIT 1   [ RunTime:0.0010s ]
SQL: SELECT `jurisdiction` FROM `qp_role` WHERE `id` = 4 LIMIT 1   [ RunTime:0.0000s ]
SQL: SELECT `id` FROM `qp_menu` WHERE `menurl` = '/index/index' LIMIT 1   [ RunTime:0.0000s ]
SQL: SELECT * FROM `qp_module` ORDER BY sortnum LIMIT 10   [ RunTime:0.0000s ]
SQL: SELECT * FROM `qp_menu` LIMIT 50   [ RunTime:0.0000s ]
SQL: SELECT * FROM `qp_gameinfo` WHERE ( state=1 )  [ RunTime:0.0000s ]
SQL: SELECT * FROM `qp_gameinfo` WHERE ( id=2 )  [ RunTime:0.0000s ]
SQL: SHOW COLUMNS FROM `tbl_playerinfo` [ RunTime:0.0110s ]
SQL: SELECT `create_time`,count('userid') FROM `tbl_playerinfo` WHERE `create_time` BETWEEN '2018-06-10' AND '2018-06-11' GROUP BY DATE_FORMAT(create_time,'%Y-%m-%d')  [ RunTime:0.0100s ]
SQL: SELECT `userid` FROM `tbl_playerinfo` WHERE DATE_FORMAT(create_time,'%Y-%m-%d') = '2018-06-10'  [ RunTime:0.0120s ]
SQL: SHOW COLUMNS FROM `table_game_change_gold` [ RunTime:0.0090s ]
SQL: SELECT DISTINCT user_id FROM `table_game_change_gold` WHERE DATE_FORMAT(change_time,'%Y-%m-%d') = '2018-06-10'  [ RunTime:0.0090s ]
NOTIC: [8] Undefined index: 2018-06-09 C:\wamp\www\Application\qpht\Model\Game_change_goldModel.class.php 第 35 行.
NOTIC: [2] Invalid argument supplied for foreach() C:\wamp\www\Application\qpht\Model\Game_change_goldModel.class.php 第 37 行.
SQL: SELECT count(DISTINCT user_id) FROM `table_game_change_gold` WHERE DATE_FORMAT(change_time,'%Y-%m-%d') = '2018-06-10' AND `user_id` > 1000  [ RunTime:0.0090s ]
SQL: select DATE_FORMAT(change_time,'%Y-%m-%d') days,count(user_id),count(DISTINCT user_id) from table_game_change_gold where user_id>1000 and DATE_FORMAT(change_time,'%Y-%m-%d') ='2018-06-10' [ RunTime:0.0070s ]
SQL: SELECT * FROM `qp_gameinfo` WHERE ( state=1 )  [ RunTime:0.0010s ]
SQL: SELECT COUNT(*) AS tp_count FROM `qp_gamemain` WHERE ( gameid=1 ) LIMIT 1   [ RunTime:0.0000s ]
NOTIC: [8] Use of undefined constant PAGE_NUM - assumed 'PAGE_NUM' C:\wamp\www\Application\qpht\Model\GamemainModel.class.php 第 91 行.
NOTIC: [8] Use of undefined constant PAGE_NUM - assumed 'PAGE_NUM' C:\wamp\www\Application\qpht\Model\GamemainModel.class.php 第 92 行.
NOTIC: [8] Use of undefined constant PAGE_NUM - assumed 'PAGE_NUM' C:\wamp\www\Application\qpht\Model\GamemainModel.class.php 第 96 行.
NOTIC: [8] Use of undefined constant PAGE_NUM - assumed 'PAGE_NUM' C:\wamp\www\Application\qpht\Model\GamemainModel.class.php 第 96 行.
SQL: SELECT * FROM `qp_gamemain` WHERE ( gameid=1 ) ORDER BY countime desc LIMIT 0,20   [ RunTime:0.0010s ]
NOTIC: [2] Division by zero C:\wamp\www\Application\qpht\Model\GamemainModel.class.php 第 112 行.
NOTIC: [2] Division by zero C:\wamp\www\Application\qpht\Model\GamemainModel.class.php 第 112 行.
NOTIC: [2] Division by zero C:\wamp\www\Application\qpht\Model\GamemainModel.class.php 第 112 行.
NOTIC: [2] Division by zero C:\wamp\www\Application\qpht\Model\GamemainModel.class.php 第 112 行.
NOTIC: [8] Undefined offset: 20 C:\wamp\www\Application\qpht\Model\GamemainModel.class.php 第 99 行.
SQL: SELECT `newplayer` FROM `qp_gamemain` WHERE `countime` = '2018-05-21' AND ( gameid=1 )  [ RunTime:0.0010s ]
SQL: SELECT COUNT(*) AS tp_count FROM `qp_gamemain` WHERE ( gameid=2 ) LIMIT 1   [ RunTime:0.0000s ]
NOTIC: [8] Use of undefined constant PAGE_NUM - assumed 'PAGE_NUM' C:\wamp\www\Application\qpht\Model\GamemainModel.class.php 第 91 行.
NOTIC: [8] Use of undefined constant PAGE_NUM - assumed 'PAGE_NUM' C:\wamp\www\Application\qpht\Model\GamemainModel.class.php 第 92 行.
NOTIC: [8] Use of undefined constant PAGE_NUM - assumed 'PAGE_NUM' C:\wamp\www\Application\qpht\Model\GamemainModel.class.php 第 96 行.
NOTIC: [8] Use of undefined constant PAGE_NUM - assumed 'PAGE_NUM' C:\wamp\www\Application\qpht\Model\GamemainModel.class.php 第 96 行.
SQL: SELECT * FROM `qp_gamemain` WHERE ( gameid=2 ) ORDER BY countime desc LIMIT 0,20   [ RunTime:0.0010s ]
NOTIC: [2] Division by zero C:\wamp\www\Application\qpht\Model\GamemainModel.class.php 第 112 行.
NOTIC: [2] Division by zero C:\wamp\www\Application\qpht\Model\GamemainModel.class.php 第 112 行.
NOTIC: [2] Division by zero C:\wamp\www\Application\qpht\Model\GamemainModel.class.php 第 112 行.
NOTIC: [2] Division by zero C:\wamp\www\Application\qpht\Model\GamemainModel.class.php 第 112 行.
NOTIC: [8] Undefined offset: 20 C:\wamp\www\Application\qpht\Model\GamemainModel.class.php 第 99 行.
SQL: SELECT `newplayer` FROM `qp_gamemain` WHERE `countime` = '2018-05-21' AND ( gameid=2 )  [ RunTime:0.0000s ]
NOTIC: [2] Missing argument 1 for Think\Controller::show(), called in C:\wamp\www\Application\qpht\Controller\IndexController.class.php on line 24 and defined C:\wamp\www\ThinkPHP\Library\Think\Controller.class.php 第 68 行.
NOTIC: [8] Undefined variable: content C:\wamp\www\ThinkPHP\Library\Think\Controller.class.php 第 69 行.
INFO: [ view_parse ] --START--
INFO: [ template_filter ] --START--
INFO: Run Behavior\ContentReplaceBehavior [ RunTime:0.000000s ]
INFO: [ template_filter ] --END-- [ RunTime:0.001000s ]
NOTIC: [8] Undefined variable: actions C:\wamp\www\Runtime\Cache\qpht\d58da6f4db31771c17480fc019d566fe.php 第 115 行.
INFO: Run Behavior\ParseTemplateBehavior [ RunTime:0.024000s ]
INFO: [ view_parse ] --END-- [ RunTime:0.024000s ]
INFO: [ view_filter ] --START--
INFO: Run Behavior\WriteHtmlCacheBehavior [ RunTime:0.000000s ]
INFO: [ view_filter ] --END-- [ RunTime:0.000000s ]
INFO: [ app_end ] --START--
INFO: Run Behavior\ShowPageTraceBehavior [ RunTime:0.000000s ]
INFO: [ app_end ] --END-- [ RunTime:0.001000s ]

[ 2018-06-11T13:43:58+08:00 ] ::1 /qpht.php/index/seachdata
INFO: [ app_init ] --START--
INFO: Run Behavior\BuildLiteBehavior [ RunTime:0.000000s ]
INFO: [ app_init ] --END-- [ RunTime:0.000000s ]
INFO: [ app_begin ] --START--
INFO: Run Behavior\ReadHtmlCacheBehavior [ RunTime:0.001000s ]
INFO: [ app_begin ] --END-- [ RunTime:0.002000s ]
SQL: SHOW COLUMNS FROM `qp_gamemain` [ RunTime:0.0020s ]
SQL: SELECT COUNT(*) AS tp_count FROM `qp_gamemain` WHERE ( gameid=1 ) LIMIT 1   [ RunTime:0.0000s ]
NOTIC: [8] Use of undefined constant PAGE_NUM - assumed 'PAGE_NUM' C:\wamp\www\Application\qpht\Model\GamemainModel.class.php 第 91 行.
NOTIC: [8] Use of undefined constant PAGE_NUM - assumed 'PAGE_NUM' C:\wamp\www\Application\qpht\Model\GamemainModel.class.php 第 92 行.
NOTIC: [8] Use of undefined constant PAGE_NUM - assumed 'PAGE_NUM' C:\wamp\www\Application\qpht\Model\GamemainModel.class.php 第 96 行.
NOTIC: [8] Use of undefined constant PAGE_NUM - assumed 'PAGE_NUM' C:\wamp\www\Application\qpht\Model\GamemainModel.class.php 第 96 行.
SQL: SELECT * FROM `qp_gamemain` WHERE ( gameid=1 ) ORDER BY countime desc LIMIT 20,20   [ RunTime:0.0000s ]
NOTIC: [8] Undefined offset: 1 C:\wamp\www\Application\qpht\Model\GamemainModel.class.php 第 99 行.
SQL: SELECT `newplayer` FROM `qp_gamemain` WHERE `countime` = '2018-05-20' AND ( gameid=1 )  [ RunTime:0.0000s ]
NOTIC: [8] Undefined offset: 0 C:\wamp\www\Application\qpht\Model\GamemainModel.class.php 第 106 行.
NOTIC: [2] Division by zero C:\wamp\www\Application\qpht\Model\GamemainModel.class.php 第 112 行.

[ 2018-06-11T13:44:01+08:00 ] ::1 /qpht.php/index/seachdata
INFO: [ app_init ] --START--
INFO: Run Behavior\BuildLiteBehavior [ RunTime:0.000000s ]
INFO: [ app_init ] --END-- [ RunTime:0.000000s ]
INFO: [ app_begin ] --START--
INFO: Run Behavior\ReadHtmlCacheBehavior [ RunTime:0.001000s ]
INFO: [ app_begin ] --END-- [ RunTime:0.002000s ]
SQL: SHOW COLUMNS FROM `qp_gamemain` [ RunTime:0.0030s ]
SQL: SELECT COUNT(*) AS tp_count FROM `qp_gamemain` WHERE ( gameid=1 ) LIMIT 1   [ RunTime:0.0000s ]
NOTIC: [8] Use of undefined constant PAGE_NUM - assumed 'PAGE_NUM' C:\wamp\www\Application\qpht\Model\GamemainModel.class.php 第 91 行.
NOTIC: [8] Use of undefined constant PAGE_NUM - assumed 'PAGE_NUM' C:\wamp\www\Application\qpht\Model\GamemainModel.class.php 第 92 行.
NOTIC: [8] Use of undefined constant PAGE_NUM - assumed 'PAGE_NUM' C:\wamp\www\Application\qpht\Model\GamemainModel.class.php 第 96 行.
NOTIC: [8] Use of undefined constant PAGE_NUM - assumed 'PAGE_NUM' C:\wamp\www\Application\qpht\Model\GamemainModel.class.php 第 96 行.
SQL: SELECT * FROM `qp_gamemain` WHERE ( gameid=1 ) ORDER BY countime desc LIMIT 0,20   [ RunTime:0.0010s ]
NOTIC: [2] Division by zero C:\wamp\www\Application\qpht\Model\GamemainModel.class.php 第 112 行.
NOTIC: [2] Division by zero C:\wamp\www\Application\qpht\Model\GamemainModel.class.php 第 112 行.
NOTIC: [2] Division by zero C:\wamp\www\Application\qpht\Model\GamemainModel.class.php 第 112 行.
NOTIC: [2] Division by zero C:\wamp\www\Application\qpht\Model\GamemainModel.class.php 第 112 行.
NOTIC: [8] Undefined offset: 20 C:\wamp\www\Application\qpht\Model\GamemainModel.class.php 第 99 行.
SQL: SELECT `newplayer` FROM `qp_gamemain` WHERE `countime` = '2018-05-21' AND ( gameid=1 )  [ RunTime:0.0010s ]

[ 2018-06-11T13:44:11+08:00 ] ::1 /qpht.php/gamemanage/playsinfo
INFO: [ app_init ] --START--
INFO: Run Behavior\BuildLiteBehavior [ RunTime:0.000000s ]
INFO: [ app_init ] --END-- [ RunTime:0.001000s ]
INFO: [ app_begin ] --START--
INFO: Run Behavior\ReadHtmlCacheBehavior [ RunTime:0.000000s ]
INFO: [ app_begin ] --END-- [ RunTime:0.000000s ]
SQL: SHOW COLUMNS FROM `qp_role` [ RunTime:0.0030s ]
SQL: SELECT `jurisdiction` FROM `qp_role` WHERE `id` = 4 LIMIT 1   [ RunTime:0.0010s ]
SQL: SHOW COLUMNS FROM `qp_module` [ RunTime:0.0030s ]
SQL: SHOW COLUMNS FROM `qp_menu` [ RunTime:0.0030s ]
SQL: SELECT `id` FROM `qp_menu` WHERE `menurl` = '/gamemanage/playsinfo' LIMIT 1   [ RunTime:0.0000s ]
SQL: SELECT * FROM `qp_module` ORDER BY sortnum LIMIT 10   [ RunTime:0.0000s ]
SQL: SELECT * FROM `qp_menu` LIMIT 50   [ RunTime:0.0010s ]
SQL: SHOW COLUMNS FROM `qp_gameinfo` [ RunTime:0.0030s ]
SQL: SELECT * FROM `qp_gameinfo` WHERE ( state=1 )  [ RunTime:0.0010s ]
SQL: SELECT * FROM `qp_gameinfo` WHERE ( id=1 )  [ RunTime:0.0010s ]
SQL: SHOW COLUMNS FROM `table_game_change_gold` [ RunTime:0.0010s ]
NOTIC: [8] Undefined index: playid C:\wamp\www\Application\qpht\Model\BaseplayinfoModel.class.php 第 116 行.
NOTIC: [8] Undefined index: bgtime C:\wamp\www\Application\qpht\Model\BaseplayinfoModel.class.php 第 119 行.
SQL: SELECT COUNT(user_id) AS tp_count FROM `table_game_change_gold` LIMIT 1   [ RunTime:0.0040s ]
NOTIC: [8] Use of undefined constant PAGE_NUM - assumed 'PAGE_NUM' C:\wamp\www\Application\qpht\Model\BaseplayinfoModel.class.php 第 123 行.
NOTIC: [8] Use of undefined constant PAGE_NUM - assumed 'PAGE_NUM' C:\wamp\www\Application\qpht\Model\BaseplayinfoModel.class.php 第 124 行.
NOTIC: [8] Use of undefined constant PAGE_NUM - assumed 'PAGE_NUM' C:\wamp\www\Application\qpht\Model\BaseplayinfoModel.class.php 第 128 行.
NOTIC: [8] Use of undefined constant PAGE_NUM - assumed 'PAGE_NUM' C:\wamp\www\Application\qpht\Model\BaseplayinfoModel.class.php 第 128 行.
SQL: SELECT * FROM `table_game_change_gold` LIMIT 0,20   [ RunTime:0.0010s ]
SQL: select nickname from tbl_playerinfo where userid=24046 [ RunTime:0.0010s ]
SQL: select nickname from tbl_playerinfo where userid=24047 [ RunTime:0.0010s ]
SQL: select nickname from tbl_playerinfo where userid=24050 [ RunTime:0.0010s ]
SQL: select nickname from tbl_playerinfo where userid=72 [ RunTime:0.0000s ]
SQL: select nickname from tbl_playerinfo where userid=24049 [ RunTime:0.0000s ]
SQL: select nickname from tbl_playerinfo where userid=24044 [ RunTime:0.0010s ]
SQL: select nickname from tbl_playerinfo where userid=24043 [ RunTime:0.0010s ]
SQL: select nickname from tbl_playerinfo where userid=24052 [ RunTime:0.0000s ]
SQL: select nickname from tbl_playerinfo where userid=24053 [ RunTime:0.0000s ]
SQL: select nickname from tbl_playerinfo where userid=24054 [ RunTime:0.0010s ]
SQL: select nickname from tbl_playerinfo where userid=24052 [ RunTime:0.0010s ]
SQL: select nickname from tbl_playerinfo where userid=24055 [ RunTime:0.0010s ]
SQL: select nickname from tbl_playerinfo where userid=66 [ RunTime:0.0010s ]
SQL: select nickname from tbl_playerinfo where userid=24054 [ RunTime:0.0010s ]
SQL: select nickname from tbl_playerinfo where userid=24052 [ RunTime:0.0010s ]
SQL: select nickname from tbl_playerinfo where userid=24055 [ RunTime:0.0010s ]
SQL: select nickname from tbl_playerinfo where userid=66 [ RunTime:0.0000s ]
SQL: select nickname from tbl_playerinfo where userid=24063 [ RunTime:0.0000s ]
SQL: select nickname from tbl_playerinfo where userid=24064 [ RunTime:0.0010s ]
SQL: select nickname from tbl_playerinfo where userid=24065 [ RunTime:0.0010s ]
SQL: SELECT `gamename` FROM `qp_gameinfo` WHERE ( id=1 )  [ RunTime:0.0000s ]
NOTIC: [8] Undefined variable: yday C:\wamp\www\Application\qpht\Controller\GamemanageController.class.php 第 126 行.
NOTIC: [8] Undefined variable: tday C:\wamp\www\Application\qpht\Controller\GamemanageController.class.php 第 127 行.
INFO: [ view_parse ] --START--
INFO: [ template_filter ] --START--
INFO: Run Behavior\ContentReplaceBehavior [ RunTime:0.000000s ]
INFO: [ template_filter ] --END-- [ RunTime:0.000000s ]
NOTIC: [8] Undefined variable: actions C:\wamp\www\Runtime\Cache\qpht\2098111738d8e653122e41734fedfb9e.php 第 115 行.
NOTIC: [8] Undefined variable: userid C:\wamp\www\Runtime\Cache\qpht\2098111738d8e653122e41734fedfb9e.php 第 125 行.
NOTIC: [8] Undefined variable: account C:\wamp\www\Runtime\Cache\qpht\2098111738d8e653122e41734fedfb9e.php 第 174 行.
NOTIC: [8] Undefined variable: account C:\wamp\www\Runtime\Cache\qpht\2098111738d8e653122e41734fedfb9e.php 第 174 行.
NOTIC: [8] Undefined variable: account C:\wamp\www\Runtime\Cache\qpht\2098111738d8e653122e41734fedfb9e.php 第 174 行.
NOTIC: [8] Undefined variable: account C:\wamp\www\Runtime\Cache\qpht\2098111738d8e653122e41734fedfb9e.php 第 174 行.
NOTIC: [8] Undefined variable: account C:\wamp\www\Runtime\Cache\qpht\2098111738d8e653122e41734fedfb9e.php 第 174 行.
NOTIC: [8] Undefined variable: account C:\wamp\www\Runtime\Cache\qpht\2098111738d8e653122e41734fedfb9e.php 第 174 行.
NOTIC: [8] Undefined variable: account C:\wamp\www\Runtime\Cache\qpht\2098111738d8e653122e41734fedfb9e.php 第 174 行.
NOTIC: [8] Undefined variable: account C:\wamp\www\Runtime\Cache\qpht\2098111738d8e653122e41734fedfb9e.php 第 174 行.
NOTIC: [8] Undefined variable: account C:\wamp\www\Runtime\Cache\qpht\2098111738d8e653122e41734fedfb9e.php 第 174 行.
NOTIC: [8] Undefined variable: account C:\wamp\www\Runtime\Cache\qpht\2098111738d8e653122e41734fedfb9e.php 第 174 行.
NOTIC: [8] Undefined variable: account C:\wamp\www\Runtime\Cache\qpht\2098111738d8e653122e41734fedfb9e.php 第 174 行.
NOTIC: [8] Undefined variable: account C:\wamp\www\Runtime\Cache\qpht\2098111738d8e653122e41734fedfb9e.php 第 174 行.
NOTIC: [8] Undefined variable: account C:\wamp\www\Runtime\Cache\qpht\2098111738d8e653122e41734fedfb9e.php 第 174 行.
NOTIC: [8] Undefined variable: account C:\wamp\www\Runtime\Cache\qpht\2098111738d8e653122e41734fedfb9e.php 第 174 行.
NOTIC: [8] Undefined variable: account C:\wamp\www\Runtime\Cache\qpht\2098111738d8e653122e41734fedfb9e.php 第 174 行.
NOTIC: [8] Undefined variable: account C:\wamp\www\Runtime\Cache\qpht\2098111738d8e653122e41734fedfb9e.php 第 174 行.
NOTIC: [8] Undefined variable: account C:\wamp\www\Runtime\Cache\qpht\2098111738d8e653122e41734fedfb9e.php 第 174 行.
NOTIC: [8] Undefined variable: account C:\wamp\www\Runtime\Cache\qpht\2098111738d8e653122e41734fedfb9e.php 第 174 行.
NOTIC: [8] Undefined variable: account C:\wamp\www\Runtime\Cache\qpht\2098111738d8e653122e41734fedfb9e.php 第 174 行.
NOTIC: [8] Undefined variable: account C:\wamp\www\Runtime\Cache\qpht\2098111738d8e653122e41734fedfb9e.php 第 174 行.
INFO: Run Behavior\ParseTemplateBehavior [ RunTime:0.022000s ]
INFO: [ view_parse ] --END-- [ RunTime:0.022000s ]
INFO: [ view_filter ] --START--
INFO: Run Behavior\WriteHtmlCacheBehavior [ RunTime:0.001000s ]
INFO: [ view_filter ] --END-- [ RunTime:0.001000s ]
INFO: [ app_end ] --START--
INFO: Run Behavior\ShowPageTraceBehavior [ RunTime:0.001000s ]
INFO: [ app_end ] --END-- [ RunTime:0.001000s ]

