[ 2018-06-04T14:36:05+08:00 ] ::1 /qp/qpht.php
INFO: [ app_init ] --START--
INFO: Run Behavior\BuildLiteBehavior [ RunTime:0.000000s ]
INFO: [ app_init ] --END-- [ RunTime:0.000000s ]
INFO: [ app_begin ] --START--
INFO: Run Behavior\ReadHtmlCacheBehavior [ RunTime:0.001000s ]
INFO: [ app_begin ] --END-- [ RunTime:0.001000s ]
SQL: SHOW COLUMNS FROM `qp_role` [ RunTime:0.0060s ]
SQL: SELECT `jurisdiction` FROM `qp_role` WHERE `id` = 4 LIMIT 1   [ RunTime:0.0050s ]
SQL: SHOW COLUMNS FROM `qp_module` [ RunTime:0.0070s ]
SQL: SHOW COLUMNS FROM `qp_menu` [ RunTime:0.0060s ]
SQL: SELECT `id` FROM `qp_menu` WHERE `menurl` = '/index/index' LIMIT 1   [ RunTime:0.0060s ]
SQL: SELECT * FROM `qp_module` ORDER BY sortnum LIMIT 10   [ RunTime:0.0060s ]
SQL: SELECT * FROM `qp_menu` LIMIT 50   [ RunTime:0.0060s ]
SQL: SHOW COLUMNS FROM `qp_gameinfo` [ RunTime:0.0060s ]
SQL: SELECT * FROM `qp_gameinfo` WHERE ( state=1 )  [ RunTime:0.0070s ]
SQL: SHOW COLUMNS FROM `qp_gamemain` [ RunTime:0.0060s ]
SQL: SELECT * FROM `qp_gameinfo` WHERE ( state=1 )  [ RunTime:0.0060s ]
SQL: SELECT `countime` FROM `qp_gamemain` WHERE ( gameid=1 ) ORDER BY countime desc LIMIT 1   [ RunTime:0.0060s ]
SQL: SELECT `jurisdiction` FROM `qp_role` WHERE `id` = 4 LIMIT 1   [ RunTime:0.0060s ]
SQL: SELECT `id` FROM `qp_menu` WHERE `menurl` = '/index/index' LIMIT 1   [ RunTime:0.0060s ]
SQL: SELECT * FROM `qp_module` ORDER BY sortnum LIMIT 10   [ RunTime:0.0060s ]
SQL: SELECT * FROM `qp_menu` LIMIT 50   [ RunTime:0.0060s ]
SQL: SELECT * FROM `qp_gameinfo` WHERE ( state=1 )  [ RunTime:0.0070s ]
SQL: SELECT * FROM `qp_gameinfo` WHERE ( id=1 )  [ RunTime:0.0060s ]

[ 2018-06-04T14:37:35+08:00 ] ::1 /qp/qpht.php
INFO: [ app_init ] --START--
INFO: Run Behavior\BuildLiteBehavior [ RunTime:0.000000s ]
INFO: [ app_init ] --END-- [ RunTime:0.000000s ]
INFO: [ app_begin ] --START--
INFO: Run Behavior\ReadHtmlCacheBehavior [ RunTime:0.001000s ]
INFO: [ app_begin ] --END-- [ RunTime:0.001000s ]
SQL: SHOW COLUMNS FROM `qp_role` [ RunTime:0.0040s ]
SQL: SELECT `jurisdiction` FROM `qp_role` WHERE `id` = 4 LIMIT 1   [ RunTime:0.0030s ]
SQL: SHOW COLUMNS FROM `qp_module` [ RunTime:0.0040s ]
SQL: SHOW COLUMNS FROM `qp_menu` [ RunTime:0.0030s ]
SQL: SELECT `id` FROM `qp_menu` WHERE `menurl` = '/index/index' LIMIT 1   [ RunTime:0.0040s ]
SQL: SELECT * FROM `qp_module` ORDER BY sortnum LIMIT 10   [ RunTime:0.0030s ]
SQL: SELECT * FROM `qp_menu` LIMIT 50   [ RunTime:0.0030s ]
SQL: SHOW COLUMNS FROM `qp_gameinfo` [ RunTime:0.0040s ]
SQL: SELECT * FROM `qp_gameinfo` WHERE ( state=1 )  [ RunTime:0.0030s ]
SQL: SHOW COLUMNS FROM `qp_gamemain` [ RunTime:0.0030s ]
SQL: SELECT * FROM `qp_gameinfo` WHERE ( state=1 )  [ RunTime:0.0030s ]
SQL: SELECT `countime` FROM `qp_gamemain` WHERE ( gameid=1 ) ORDER BY countime desc LIMIT 1   [ RunTime:0.0030s ]
SQL: SELECT `jurisdiction` FROM `qp_role` WHERE `id` = 4 LIMIT 1   [ RunTime:0.0030s ]
SQL: SELECT `id` FROM `qp_menu` WHERE `menurl` = '/index/index' LIMIT 1   [ RunTime:0.0020s ]
SQL: SELECT * FROM `qp_module` ORDER BY sortnum LIMIT 10   [ RunTime:0.0030s ]
SQL: SELECT * FROM `qp_menu` LIMIT 50   [ RunTime:0.0040s ]
SQL: SELECT * FROM `qp_gameinfo` WHERE ( state=1 )  [ RunTime:0.0040s ]
SQL: SELECT * FROM `qp_gameinfo` WHERE ( id=1 )  [ RunTime:0.0040s ]
ERR: SQLSTATE[28000] [1045] ip not in whitelist or in blacklist, client ip is 115.192.36.130

[ 2018-06-04T14:38:34+08:00 ] ::1 /qp/qpht.php
INFO: [ app_init ] --START--
INFO: Run Behavior\BuildLiteBehavior [ RunTime:0.000000s ]
INFO: [ app_init ] --END-- [ RunTime:0.000000s ]
INFO: [ app_begin ] --START--
INFO: Run Behavior\ReadHtmlCacheBehavior [ RunTime:0.002000s ]
INFO: [ app_begin ] --END-- [ RunTime:0.002000s ]
SQL: SHOW COLUMNS FROM `qp_role` [ RunTime:0.0070s ]
SQL: SELECT `jurisdiction` FROM `qp_role` WHERE `id` = 4 LIMIT 1   [ RunTime:0.0010s ]
SQL: SHOW COLUMNS FROM `qp_module` [ RunTime:0.0050s ]
SQL: SHOW COLUMNS FROM `qp_menu` [ RunTime:0.0070s ]
SQL: SELECT `id` FROM `qp_menu` WHERE `menurl` = '/index/index' LIMIT 1   [ RunTime:0.0000s ]
SQL: SELECT * FROM `qp_module` ORDER BY sortnum LIMIT 10   [ RunTime:0.0000s ]
SQL: SELECT * FROM `qp_menu` LIMIT 50   [ RunTime:0.0000s ]
SQL: SHOW COLUMNS FROM `qp_gameinfo` [ RunTime:0.0050s ]
SQL: SELECT * FROM `qp_gameinfo` WHERE ( state=1 )  [ RunTime:0.0000s ]
SQL: SHOW COLUMNS FROM `qp_gamemain` [ RunTime:0.0060s ]
SQL: SELECT * FROM `qp_gameinfo` WHERE ( state=1 )  [ RunTime:0.0010s ]
SQL: SELECT `countime` FROM `qp_gamemain` WHERE ( gameid=1 ) ORDER BY countime desc LIMIT 1   [ RunTime:0.0000s ]
SQL: SELECT `jurisdiction` FROM `qp_role` WHERE `id` = 4 LIMIT 1   [ RunTime:0.0000s ]
SQL: SELECT `id` FROM `qp_menu` WHERE `menurl` = '/index/index' LIMIT 1   [ RunTime:0.0000s ]
SQL: SELECT * FROM `qp_module` ORDER BY sortnum LIMIT 10   [ RunTime:0.0000s ]
SQL: SELECT * FROM `qp_menu` LIMIT 50   [ RunTime:0.0000s ]
SQL: SELECT * FROM `qp_gameinfo` WHERE ( state=1 )  [ RunTime:0.0010s ]
SQL: SELECT * FROM `qp_gameinfo` WHERE ( id=1 )  [ RunTime:0.0000s ]
SQL: SHOW COLUMNS FROM `tbl_playerinfo` [ RunTime:0.0030s ]
SQL: SELECT `create_time`,count('userid') FROM `tbl_playerinfo` WHERE `create_time` BETWEEN '2018-06-03' AND '2018-06-04' GROUP BY DATE_FORMAT(create_time,'%Y-%m-%d')  [ RunTime:0.0170s ]
SQL: SELECT `userid` FROM `tbl_playerinfo` WHERE DATE_FORMAT(create_time,'%Y-%m-%d') = '2018-06-03'  [ RunTime:0.0190s ]
SQL: SHOW COLUMNS FROM `table_game_change_gold` [ RunTime:0.0090s ]
SQL: SELECT DISTINCT user_id FROM `table_game_change_gold` WHERE DATE_FORMAT(change_time,'%Y-%m-%d') = '2018-06-03'  [ RunTime:0.0100s ]
NOTIC: [8] Undefined index: 2018-06-02 D:\qpgit\Application\qpht\Model\Game_change_goldModel.class.php 第 35 行.
NOTIC: [2] Invalid argument supplied for foreach() D:\qpgit\Application\qpht\Model\Game_change_goldModel.class.php 第 37 行.
SQL: SELECT count(DISTINCT user_id) FROM `table_game_change_gold` WHERE DATE_FORMAT(change_time,'%Y-%m-%d') = '2018-06-03'  [ RunTime:0.0100s ]
SQL: select DATE_FORMAT(change_time,'%Y-%m-%d') days,count(user_id),count(DISTINCT user_id) from table_game_change_gold where user_id>0 and DATE_FORMAT(change_time,'%Y-%m-%d') ='2018-06-03' [ RunTime:0.0060s ]
SQL: SELECT `countime` FROM `qp_gamemain` WHERE ( gameid=2 ) ORDER BY countime desc LIMIT 1   [ RunTime:0.0000s ]
SQL: SELECT `jurisdiction` FROM `qp_role` WHERE `id` = 4 LIMIT 1   [ RunTime:0.0000s ]
SQL: SELECT `id` FROM `qp_menu` WHERE `menurl` = '/index/index' LIMIT 1   [ RunTime:0.0000s ]
SQL: SELECT * FROM `qp_module` ORDER BY sortnum LIMIT 10   [ RunTime:0.0010s ]
SQL: SELECT * FROM `qp_menu` LIMIT 50   [ RunTime:0.0000s ]
SQL: SELECT * FROM `qp_gameinfo` WHERE ( state=1 )  [ RunTime:0.0000s ]
SQL: SELECT * FROM `qp_gameinfo` WHERE ( id=2 )  [ RunTime:0.0000s ]
SQL: SHOW COLUMNS FROM `tbl_playerinfo` [ RunTime:0.0120s ]
SQL: SELECT `create_time`,count('userid') FROM `tbl_playerinfo` WHERE `create_time` BETWEEN '2018-06-03' AND '2018-06-04' GROUP BY DATE_FORMAT(create_time,'%Y-%m-%d')  [ RunTime:0.0060s ]
SQL: SELECT `userid` FROM `tbl_playerinfo` WHERE DATE_FORMAT(create_time,'%Y-%m-%d') = '2018-06-03'  [ RunTime:0.0070s ]
SQL: SHOW COLUMNS FROM `table_game_change_gold` [ RunTime:0.0070s ]
SQL: SELECT DISTINCT user_id FROM `table_game_change_gold` WHERE DATE_FORMAT(change_time,'%Y-%m-%d') = '2018-06-03'  [ RunTime:0.0050s ]
NOTIC: [8] Undefined index: 2018-06-02 D:\qpgit\Application\qpht\Model\Game_change_goldModel.class.php 第 35 行.
NOTIC: [2] Invalid argument supplied for foreach() D:\qpgit\Application\qpht\Model\Game_change_goldModel.class.php 第 37 行.
SQL: SELECT count(DISTINCT user_id) FROM `table_game_change_gold` WHERE DATE_FORMAT(change_time,'%Y-%m-%d') = '2018-06-03'  [ RunTime:0.0050s ]
SQL: select DATE_FORMAT(change_time,'%Y-%m-%d') days,count(user_id),count(DISTINCT user_id) from table_game_change_gold where user_id>0 and DATE_FORMAT(change_time,'%Y-%m-%d') ='2018-06-03' [ RunTime:0.0050s ]
SQL: SELECT * FROM `qp_gameinfo` WHERE ( state=1 )  [ RunTime:0.0010s ]
SQL: SELECT * FROM `qp_gamemain` WHERE ( gameid=1 ) ORDER BY countime desc LIMIT 0,7   [ RunTime:0.0010s ]
SQL: SELECT * FROM `qp_gamemain` WHERE ( gameid=2 ) ORDER BY countime desc LIMIT 0,7   [ RunTime:0.0010s ]
NOTIC: [2] Missing argument 1 for Think\Controller::show(), called in D:\qpgit\Application\qpht\Controller\IndexController.class.php on line 27 and defined D:\qpgit\ThinkPHP\Library\Think\Controller.class.php 第 68 行.
NOTIC: [8] Undefined variable: content D:\qpgit\ThinkPHP\Library\Think\Controller.class.php 第 69 行.
INFO: [ view_parse ] --START--
INFO: [ template_filter ] --START--
INFO: Run Behavior\ContentReplaceBehavior [ RunTime:0.000000s ]
INFO: [ template_filter ] --END-- [ RunTime:0.000000s ]
NOTIC: [8] Undefined variable: actions D:\qpgit\Runtime\Cache\qpht\d58da6f4db31771c17480fc019d566fe.php 第 116 行.
INFO: Run Behavior\ParseTemplateBehavior [ RunTime:0.022000s ]
INFO: [ view_parse ] --END-- [ RunTime:0.022000s ]
INFO: [ view_filter ] --START--
INFO: Run Behavior\WriteHtmlCacheBehavior [ RunTime:0.001000s ]
INFO: [ view_filter ] --END-- [ RunTime:0.001000s ]
INFO: [ app_end ] --START--
INFO: Run Behavior\ShowPageTraceBehavior [ RunTime:0.001000s ]
INFO: [ app_end ] --END-- [ RunTime:0.001000s ]

[ 2018-06-04T14:44:04+08:00 ] ::1 /qp/qpht.php
INFO: [ app_init ] --START--
INFO: Run Behavior\BuildLiteBehavior [ RunTime:0.000000s ]
INFO: [ app_init ] --END-- [ RunTime:0.001000s ]
INFO: [ app_begin ] --START--
INFO: Run Behavior\ReadHtmlCacheBehavior [ RunTime:0.001000s ]
INFO: [ app_begin ] --END-- [ RunTime:0.001000s ]
SQL: SHOW COLUMNS FROM `qp_role` [ RunTime:0.0060s ]
SQL: SELECT `jurisdiction` FROM `qp_role` WHERE `id` = 4 LIMIT 1   [ RunTime:0.0010s ]
SQL: SHOW COLUMNS FROM `qp_module` [ RunTime:0.0050s ]
SQL: SHOW COLUMNS FROM `qp_menu` [ RunTime:0.0050s ]
SQL: SELECT `id` FROM `qp_menu` WHERE `menurl` = '/index/index' LIMIT 1   [ RunTime:0.0000s ]
SQL: SELECT * FROM `qp_module` ORDER BY sortnum LIMIT 10   [ RunTime:0.0010s ]
SQL: SELECT * FROM `qp_menu` LIMIT 50   [ RunTime:0.0000s ]
SQL: SHOW COLUMNS FROM `qp_gameinfo` [ RunTime:0.0060s ]
SQL: SELECT * FROM `qp_gameinfo` WHERE ( state=1 )  [ RunTime:0.0000s ]
SQL: SHOW COLUMNS FROM `qp_gamemain` [ RunTime:0.0050s ]
SQL: SELECT * FROM `qp_gameinfo` WHERE ( state=1 )  [ RunTime:0.0010s ]
SQL: SELECT `countime` FROM `qp_gamemain` WHERE ( gameid=1 ) ORDER BY countime desc LIMIT 1   [ RunTime:0.0000s ]
SQL: SELECT `jurisdiction` FROM `qp_role` WHERE `id` = 4 LIMIT 1   [ RunTime:0.0010s ]
SQL: SELECT `id` FROM `qp_menu` WHERE `menurl` = '/index/index' LIMIT 1   [ RunTime:0.0000s ]
SQL: SELECT * FROM `qp_module` ORDER BY sortnum LIMIT 10   [ RunTime:0.0000s ]
SQL: SELECT * FROM `qp_menu` LIMIT 50   [ RunTime:0.0010s ]
SQL: SELECT * FROM `qp_gameinfo` WHERE ( state=1 )  [ RunTime:0.0010s ]
SQL: SELECT * FROM `qp_gameinfo` WHERE ( id=1 )  [ RunTime:0.0000s ]
SQL: SHOW COLUMNS FROM `tbl_playerinfo` [ RunTime:0.0010s ]
SQL: SELECT `create_time`,count('userid') FROM `tbl_playerinfo` WHERE `create_time` BETWEEN '2018-06-03' AND '2018-06-04' GROUP BY DATE_FORMAT(create_time,'%Y-%m-%d')  [ RunTime:0.0100s ]
SQL: SELECT `userid` FROM `tbl_playerinfo` WHERE DATE_FORMAT(create_time,'%Y-%m-%d') = '2018-06-03'  [ RunTime:0.0110s ]
SQL: SHOW COLUMNS FROM `table_game_change_gold` [ RunTime:0.0190s ]
SQL: SELECT DISTINCT user_id FROM `table_game_change_gold` WHERE DATE_FORMAT(change_time,'%Y-%m-%d') = '2018-06-03'  [ RunTime:0.0070s ]
NOTIC: [8] Undefined index: 2018-06-02 D:\qpgit\Application\qpht\Model\Game_change_goldModel.class.php 第 35 行.
NOTIC: [2] Invalid argument supplied for foreach() D:\qpgit\Application\qpht\Model\Game_change_goldModel.class.php 第 37 行.
SQL: SELECT count(DISTINCT user_id) FROM `table_game_change_gold` WHERE DATE_FORMAT(change_time,'%Y-%m-%d') = '2018-06-03'  [ RunTime:0.0060s ]
SQL: select DATE_FORMAT(change_time,'%Y-%m-%d') days,count(user_id),count(DISTINCT user_id) from table_game_change_gold where user_id>0 and DATE_FORMAT(change_time,'%Y-%m-%d') ='2018-06-03' [ RunTime:0.0070s ]
SQL: SELECT `countime` FROM `qp_gamemain` WHERE ( gameid=2 ) ORDER BY countime desc LIMIT 1   [ RunTime:0.0000s ]
SQL: SELECT `jurisdiction` FROM `qp_role` WHERE `id` = 4 LIMIT 1   [ RunTime:0.0000s ]
SQL: SELECT `id` FROM `qp_menu` WHERE `menurl` = '/index/index' LIMIT 1   [ RunTime:0.0000s ]
SQL: SELECT * FROM `qp_module` ORDER BY sortnum LIMIT 10   [ RunTime:0.0000s ]
SQL: SELECT * FROM `qp_menu` LIMIT 50   [ RunTime:0.0000s ]
SQL: SELECT * FROM `qp_gameinfo` WHERE ( state=1 )  [ RunTime:0.0000s ]
SQL: SELECT * FROM `qp_gameinfo` WHERE ( id=2 )  [ RunTime:0.0010s ]
SQL: SHOW COLUMNS FROM `tbl_playerinfo` [ RunTime:0.0050s ]
SQL: SELECT `create_time`,count('userid') FROM `tbl_playerinfo` WHERE `create_time` BETWEEN '2018-06-03' AND '2018-06-04' GROUP BY DATE_FORMAT(create_time,'%Y-%m-%d')  [ RunTime:0.0050s ]
SQL: SELECT `userid` FROM `tbl_playerinfo` WHERE DATE_FORMAT(create_time,'%Y-%m-%d') = '2018-06-03'  [ RunTime:0.0070s ]
SQL: SHOW COLUMNS FROM `table_game_change_gold` [ RunTime:0.0080s ]
SQL: SELECT DISTINCT user_id FROM `table_game_change_gold` WHERE DATE_FORMAT(change_time,'%Y-%m-%d') = '2018-06-03'  [ RunTime:0.0050s ]
NOTIC: [8] Undefined index: 2018-06-02 D:\qpgit\Application\qpht\Model\Game_change_goldModel.class.php 第 35 行.
NOTIC: [2] Invalid argument supplied for foreach() D:\qpgit\Application\qpht\Model\Game_change_goldModel.class.php 第 37 行.
SQL: SELECT count(DISTINCT user_id) FROM `table_game_change_gold` WHERE DATE_FORMAT(change_time,'%Y-%m-%d') = '2018-06-03'  [ RunTime:0.0050s ]
SQL: select DATE_FORMAT(change_time,'%Y-%m-%d') days,count(user_id),count(DISTINCT user_id) from table_game_change_gold where user_id>0 and DATE_FORMAT(change_time,'%Y-%m-%d') ='2018-06-03' [ RunTime:0.0050s ]
SQL: SELECT * FROM `qp_gameinfo` WHERE ( state=1 )  [ RunTime:0.0010s ]
SQL: SELECT * FROM `qp_gamemain` WHERE ( gameid=1 ) ORDER BY countime desc LIMIT 0,7   [ RunTime:0.0010s ]
SQL: SELECT * FROM `qp_gamemain` WHERE ( gameid=2 ) ORDER BY countime desc LIMIT 0,7   [ RunTime:0.0000s ]
NOTIC: [2] Missing argument 1 for Think\Controller::show(), called in D:\qpgit\Application\qpht\Controller\IndexController.class.php on line 27 and defined D:\qpgit\ThinkPHP\Library\Think\Controller.class.php 第 68 行.
NOTIC: [8] Undefined variable: content D:\qpgit\ThinkPHP\Library\Think\Controller.class.php 第 69 行.
INFO: [ view_parse ] --START--
INFO: [ template_filter ] --START--
INFO: Run Behavior\ContentReplaceBehavior [ RunTime:0.000000s ]
INFO: [ template_filter ] --END-- [ RunTime:0.000000s ]
NOTIC: [8] Undefined variable: actions D:\qpgit\Runtime\Cache\qpht\d58da6f4db31771c17480fc019d566fe.php 第 116 行.
INFO: Run Behavior\ParseTemplateBehavior [ RunTime:0.021000s ]
INFO: [ view_parse ] --END-- [ RunTime:0.021000s ]
INFO: [ view_filter ] --START--
INFO: Run Behavior\WriteHtmlCacheBehavior [ RunTime:0.000000s ]
INFO: [ view_filter ] --END-- [ RunTime:0.001000s ]
INFO: [ app_end ] --START--
INFO: Run Behavior\ShowPageTraceBehavior [ RunTime:0.001000s ]
INFO: [ app_end ] --END-- [ RunTime:0.001000s ]

